[2026-01-09 00:28:39.236] [instrument] [info] [MockInstrument2] [WORKER_MAIN] Worker starting
[2026-01-09 00:28:39.236] [instrument] [info] [MockInstrument2] [WORKER_MAIN] Plugin:  ./build/tests/mock_visa_plugin.so
[2026-01-09 00:28:39.236] [instrument] [info] [PLUGIN] [LOAD] Loading plugin: ./build/tests/mock_visa_plugin.so
[2026-01-09 00:28:39.236] [instrument] [info] [PLUGIN] [LOAD] Plugin loaded successfully:  ./build/tests/mock_visa_plugin.so
[2026-01-09 00:28:39.236] [instrument] [info] [MockInstrument2] [WORKER_MAIN] Loaded plugin:  Mock VISA v1.0.0 (VISA)
[2026-01-09 00:28:39.236] [instrument] [info] [PLUGIN] [INIT] Initializing plugin for instrument: MockInstrument2
[2026-01-09 00:28:39.236] [instrument] [info] [MockInstrument2] [WORKER_MAIN] Plugin initialized successfully
[2026-01-09 00:28:39.236] [instrument] [info] [IPC] [QUEUE_OPEN] Opened queues for instrument: MockInstrument2
[2026-01-09 00:28:39.236] [instrument] [info] [MockInstrument2] [WORKER_MAIN] IPC queue connected
[2026-01-09 00:28:39.236] [instrument] [info] [MockInstrument2] [WORKER_MAIN] Entering main loop
[2026-01-09 00:28:40.395] [instrument] [info] [MockInstrument2] [WORKER_MAIN] Received shutdown message
[2026-01-09 00:28:40.395] [instrument] [info] [MockInstrument2] [WORKER_MAIN] Shutting down
[2026-01-09 00:28:40.395] [instrument] [info] [PLUGIN] [SHUTDOWN] Shutting down plugin:  ./build/tests/mock_visa_plugin.so
[2026-01-09 00:28:40.395] [instrument] [info] [MockInstrument2] [WORKER_MAIN] Worker exited cleanly
[2026-01-09 00:28:40.395] [instrument] [info] [PLUGIN] [SHUTDOWN] Shutting down plugin:  ./build/tests/mock_visa_plugin.so
[2026-01-09 00:28:41.207] [instrument] [info] [MockInstrument2] [WORKER_MAIN] Worker starting
[2026-01-09 00:28:41.207] [instrument] [info] [MockInstrument2] [WORKER_MAIN] Plugin:  ./build/tests/mock_visa_plugin.so
[2026-01-09 00:28:41.207] [instrument] [info] [PLUGIN] [LOAD] Loading plugin: ./build/tests/mock_visa_plugin.so
[2026-01-09 00:28:41.207] [instrument] [info] [PLUGIN] [LOAD] Plugin loaded successfully:  ./build/tests/mock_visa_plugin.so
[2026-01-09 00:28:41.207] [instrument] [info] [MockInstrument2] [WORKER_MAIN] Loaded plugin:  Mock VISA v1.0.0 (VISA)
[2026-01-09 00:28:41.207] [instrument] [info] [PLUGIN] [INIT] Initializing plugin for instrument: MockInstrument2
[2026-01-09 00:28:41.207] [instrument] [info] [MockInstrument2] [WORKER_MAIN] Plugin initialized successfully
[2026-01-09 00:28:41.207] [instrument] [info] [IPC] [QUEUE_OPEN] Opened queues for instrument: MockInstrument2
[2026-01-09 00:28:41.207] [instrument] [info] [MockInstrument2] [WORKER_MAIN] IPC queue connected
[2026-01-09 00:28:41.207] [instrument] [info] [MockInstrument2] [WORKER_MAIN] Entering main loop
[2026-01-09 00:28:42.208] [instrument] [debug] [MockInstrument2] [MockInstrument2-1] Received command: ECHO (sync=1)
[2026-01-09 00:28:42.208] [instrument] [debug] [MockInstrument2] [MockInstrument2-1] Command executed:  result=0 success=true
[2026-01-09 00:28:42.209] [instrument] [debug] [MockInstrument2] [1] Sending SYNC_ACK for token=1
[2026-01-09 00:28:42.209] [instrument] [debug] [MockInstrument2] [MockInstrument2-1] Now waiting for SYNC_CONTINUE token=1
[2026-01-09 00:28:42.209] [instrument] [debug] [MockInstrument2] [WORKER_MAIN] Received SYNC_CONTINUE for token=1, proceeding
[2026-01-09 00:28:42.359] [instrument] [info] [MockInstrument2] [WORKER_MAIN] Received shutdown message
[2026-01-09 00:28:42.359] [instrument] [info] [MockInstrument2] [WORKER_MAIN] Shutting down
[2026-01-09 00:28:42.359] [instrument] [info] [PLUGIN] [SHUTDOWN] Shutting down plugin:  ./build/tests/mock_visa_plugin.so
[2026-01-09 00:28:42.359] [instrument] [info] [MockInstrument2] [WORKER_MAIN] Worker exited cleanly
[2026-01-09 00:28:42.359] [instrument] [info] [PLUGIN] [SHUTDOWN] Shutting down plugin:  ./build/tests/mock_visa_plugin.so
[2026-01-09 00:28:43.170] [instrument] [info] [MockInstrument2] [WORKER_MAIN] Worker starting
[2026-01-09 00:28:43.170] [instrument] [info] [MockInstrument2] [WORKER_MAIN] Plugin:  ./build/tests/mock_visa_plugin.so
[2026-01-09 00:28:43.171] [instrument] [info] [PLUGIN] [LOAD] Loading plugin: ./build/tests/mock_visa_plugin.so
[2026-01-09 00:28:43.171] [instrument] [info] [PLUGIN] [LOAD] Plugin loaded successfully:  ./build/tests/mock_visa_plugin.so
[2026-01-09 00:28:43.171] [instrument] [info] [MockInstrument2] [WORKER_MAIN] Loaded plugin:  Mock VISA v1.0.0 (VISA)
[2026-01-09 00:28:43.171] [instrument] [info] [PLUGIN] [INIT] Initializing plugin for instrument: MockInstrument2
[2026-01-09 00:28:43.171] [instrument] [info] [MockInstrument2] [WORKER_MAIN] Plugin initialized successfully
[2026-01-09 00:28:43.171] [instrument] [info] [IPC] [QUEUE_OPEN] Opened queues for instrument: MockInstrument2
[2026-01-09 00:28:43.171] [instrument] [info] [MockInstrument2] [WORKER_MAIN] IPC queue connected
[2026-01-09 00:28:43.171] [instrument] [info] [MockInstrument2] [WORKER_MAIN] Entering main loop
[2026-01-09 00:28:44.324] [instrument] [info] [MockInstrument2] [WORKER_MAIN] Received shutdown message
[2026-01-09 00:28:44.324] [instrument] [info] [MockInstrument2] [WORKER_MAIN] Shutting down
[2026-01-09 00:28:44.324] [instrument] [info] [PLUGIN] [SHUTDOWN] Shutting down plugin:  ./build/tests/mock_visa_plugin.so
[2026-01-09 00:28:44.324] [instrument] [info] [MockInstrument2] [WORKER_MAIN] Worker exited cleanly
[2026-01-09 00:28:44.324] [instrument] [info] [PLUGIN] [SHUTDOWN] Shutting down plugin:  ./build/tests/mock_visa_plugin.so
[2026-01-09 00:28:45.135] [instrument] [info] [MockInstrument2] [WORKER_MAIN] Worker starting
[2026-01-09 00:28:45.135] [instrument] [info] [MockInstrument2] [WORKER_MAIN] Plugin:  ./build/tests/mock_visa_plugin.so
[2026-01-09 00:28:45.135] [instrument] [info] [PLUGIN] [LOAD] Loading plugin: ./build/tests/mock_visa_plugin.so
[2026-01-09 00:28:45.135] [instrument] [info] [PLUGIN] [LOAD] Plugin loaded successfully:  ./build/tests/mock_visa_plugin.so
[2026-01-09 00:28:45.135] [instrument] [info] [MockInstrument2] [WORKER_MAIN] Loaded plugin:  Mock VISA v1.0.0 (VISA)
[2026-01-09 00:28:45.135] [instrument] [info] [PLUGIN] [INIT] Initializing plugin for instrument: MockInstrument2
[2026-01-09 00:28:45.135] [instrument] [info] [MockInstrument2] [WORKER_MAIN] Plugin initialized successfully
[2026-01-09 00:28:45.136] [instrument] [info] [IPC] [QUEUE_OPEN] Opened queues for instrument: MockInstrument2
[2026-01-09 00:28:45.136] [instrument] [info] [MockInstrument2] [WORKER_MAIN] IPC queue connected
[2026-01-09 00:28:45.136] [instrument] [info] [MockInstrument2] [WORKER_MAIN] Entering main loop
[2026-01-09 00:28:46.138] [instrument] [debug] [MockInstrument2] [MockInstrument2-1] Received command: SET (sync=1)
[2026-01-09 00:28:46.138] [instrument] [debug] [MockInstrument2] [MockInstrument2-1] Command executed:  result=0 success=true
[2026-01-09 00:28:46.138] [instrument] [debug] [MockInstrument2] [1] Sending SYNC_ACK for token=1
[2026-01-09 00:28:46.138] [instrument] [debug] [MockInstrument2] [MockInstrument2-1] Now waiting for SYNC_CONTINUE token=1
[2026-01-09 00:28:46.139] [instrument] [debug] [MockInstrument2] [WORKER_MAIN] Received SYNC_CONTINUE for token=1, proceeding
[2026-01-09 00:28:46.139] [instrument] [debug] [MockInstrument2] [MockInstrument2-2] Received command: SET (sync=2)
[2026-01-09 00:28:46.139] [instrument] [debug] [MockInstrument2] [MockInstrument2-2] Command executed:  result=0 success=true
[2026-01-09 00:28:46.139] [instrument] [debug] [MockInstrument2] [2] Sending SYNC_ACK for token=2
[2026-01-09 00:28:46.139] [instrument] [debug] [MockInstrument2] [MockInstrument2-2] Now waiting for SYNC_CONTINUE token=2
[2026-01-09 00:28:46.139] [instrument] [debug] [MockInstrument2] [WORKER_MAIN] Received SYNC_CONTINUE for token=2, proceeding
[2026-01-09 00:28:46.140] [instrument] [debug] [MockInstrument2] [MockInstrument2-3] Received command: SET (sync=3)
[2026-01-09 00:28:46.140] [instrument] [debug] [MockInstrument2] [MockInstrument2-3] Command executed:  result=0 success=true
[2026-01-09 00:28:46.140] [instrument] [debug] [MockInstrument2] [3] Sending SYNC_ACK for token=3
[2026-01-09 00:28:46.140] [instrument] [debug] [MockInstrument2] [MockInstrument2-3] Now waiting for SYNC_CONTINUE token=3
[2026-01-09 00:28:46.140] [instrument] [debug] [MockInstrument2] [WORKER_MAIN] Received SYNC_CONTINUE for token=3, proceeding
[2026-01-09 00:28:46.141] [instrument] [debug] [MockInstrument2] [MockInstrument2-4] Received command: SET (sync=4)
[2026-01-09 00:28:46.141] [instrument] [debug] [MockInstrument2] [MockInstrument2-4] Command executed:  result=0 success=true
[2026-01-09 00:28:46.141] [instrument] [debug] [MockInstrument2] [4] Sending SYNC_ACK for token=4
[2026-01-09 00:28:46.141] [instrument] [debug] [MockInstrument2] [MockInstrument2-4] Now waiting for SYNC_CONTINUE token=4
[2026-01-09 00:28:46.141] [instrument] [debug] [MockInstrument2] [WORKER_MAIN] Received SYNC_CONTINUE for token=4, proceeding
[2026-01-09 00:28:46.142] [instrument] [debug] [MockInstrument2] [MockInstrument2-5] Received command: SET (sync=5)
[2026-01-09 00:28:46.142] [instrument] [debug] [MockInstrument2] [MockInstrument2-5] Command executed:  result=0 success=true
[2026-01-09 00:28:46.142] [instrument] [debug] [MockInstrument2] [5] Sending SYNC_ACK for token=5
[2026-01-09 00:28:46.142] [instrument] [debug] [MockInstrument2] [MockInstrument2-5] Now waiting for SYNC_CONTINUE token=5
[2026-01-09 00:28:46.142] [instrument] [debug] [MockInstrument2] [WORKER_MAIN] Received SYNC_CONTINUE for token=5, proceeding
[2026-01-09 00:28:46.142] [instrument] [debug] [MockInstrument2] [MockInstrument2-6] Received command: SET (sync=6)
[2026-01-09 00:28:46.142] [instrument] [debug] [MockInstrument2] [MockInstrument2-6] Command executed:  result=0 success=true
[2026-01-09 00:28:46.142] [instrument] [debug] [MockInstrument2] [6] Sending SYNC_ACK for token=6
[2026-01-09 00:28:46.142] [instrument] [debug] [MockInstrument2] [MockInstrument2-6] Now waiting for SYNC_CONTINUE token=6
[2026-01-09 00:28:46.143] [instrument] [debug] [MockInstrument2] [WORKER_MAIN] Received SYNC_CONTINUE for token=6, proceeding
[2026-01-09 00:28:46.293] [instrument] [info] [MockInstrument2] [WORKER_MAIN] Received shutdown message
[2026-01-09 00:28:46.293] [instrument] [info] [MockInstrument2] [WORKER_MAIN] Shutting down
[2026-01-09 00:28:46.293] [instrument] [info] [PLUGIN] [SHUTDOWN] Shutting down plugin:  ./build/tests/mock_visa_plugin.so
[2026-01-09 00:28:46.294] [instrument] [info] [MockInstrument2] [WORKER_MAIN] Worker exited cleanly
[2026-01-09 00:28:46.294] [instrument] [info] [PLUGIN] [SHUTDOWN] Shutting down plugin:  ./build/tests/mock_visa_plugin.so
[2026-01-09 00:28:47.104] [instrument] [info] [MockInstrument2] [WORKER_MAIN] Worker starting
[2026-01-09 00:28:47.104] [instrument] [info] [MockInstrument2] [WORKER_MAIN] Plugin:  ./build/tests/mock_visa_plugin.so
[2026-01-09 00:28:47.104] [instrument] [info] [PLUGIN] [LOAD] Loading plugin: ./build/tests/mock_visa_plugin.so
[2026-01-09 00:28:47.105] [instrument] [info] [PLUGIN] [LOAD] Plugin loaded successfully:  ./build/tests/mock_visa_plugin.so
[2026-01-09 00:28:47.105] [instrument] [info] [MockInstrument2] [WORKER_MAIN] Loaded plugin:  Mock VISA v1.0.0 (VISA)
[2026-01-09 00:28:47.105] [instrument] [info] [PLUGIN] [INIT] Initializing plugin for instrument: MockInstrument2
[2026-01-09 00:28:47.105] [instrument] [info] [MockInstrument2] [WORKER_MAIN] Plugin initialized successfully
[2026-01-09 00:28:47.105] [instrument] [info] [IPC] [QUEUE_OPEN] Opened queues for instrument: MockInstrument2
[2026-01-09 00:28:47.105] [instrument] [info] [MockInstrument2] [WORKER_MAIN] IPC queue connected
[2026-01-09 00:28:47.105] [instrument] [info] [MockInstrument2] [WORKER_MAIN] Entering main loop
[2026-01-09 00:28:48.257] [instrument] [info] [MockInstrument2] [WORKER_MAIN] Received shutdown message
[2026-01-09 00:28:48.257] [instrument] [info] [MockInstrument2] [WORKER_MAIN] Shutting down
[2026-01-09 00:28:48.257] [instrument] [info] [PLUGIN] [SHUTDOWN] Shutting down plugin:  ./build/tests/mock_visa_plugin.so
[2026-01-09 00:28:48.257] [instrument] [info] [MockInstrument2] [WORKER_MAIN] Worker exited cleanly
[2026-01-09 00:28:48.257] [instrument] [info] [PLUGIN] [SHUTDOWN] Shutting down plugin:  ./build/tests/mock_visa_plugin.so
[2026-01-09 00:28:49.067] [instrument] [info] [MockInstrument2] [WORKER_MAIN] Worker starting
[2026-01-09 00:28:49.067] [instrument] [info] [MockInstrument2] [WORKER_MAIN] Plugin:  ./build/tests/mock_visa_plugin.so
[2026-01-09 00:28:49.067] [instrument] [info] [PLUGIN] [LOAD] Loading plugin: ./build/tests/mock_visa_plugin.so
[2026-01-09 00:28:49.068] [instrument] [info] [PLUGIN] [LOAD] Plugin loaded successfully:  ./build/tests/mock_visa_plugin.so
[2026-01-09 00:28:49.068] [instrument] [info] [MockInstrument2] [WORKER_MAIN] Loaded plugin:  Mock VISA v1.0.0 (VISA)
[2026-01-09 00:28:49.068] [instrument] [info] [PLUGIN] [INIT] Initializing plugin for instrument: MockInstrument2
[2026-01-09 00:28:49.068] [instrument] [info] [MockInstrument2] [WORKER_MAIN] Plugin initialized successfully
[2026-01-09 00:28:49.068] [instrument] [info] [IPC] [QUEUE_OPEN] Opened queues for instrument: MockInstrument2
[2026-01-09 00:28:49.068] [instrument] [info] [MockInstrument2] [WORKER_MAIN] IPC queue connected
[2026-01-09 00:28:49.068] [instrument] [info] [MockInstrument2] [WORKER_MAIN] Entering main loop
[2026-01-09 00:28:50.221] [instrument] [info] [MockInstrument2] [WORKER_MAIN] Received shutdown message
[2026-01-09 00:28:50.221] [instrument] [info] [MockInstrument2] [WORKER_MAIN] Shutting down
[2026-01-09 00:28:50.221] [instrument] [info] [PLUGIN] [SHUTDOWN] Shutting down plugin:  ./build/tests/mock_visa_plugin.so
[2026-01-09 00:28:50.221] [instrument] [info] [MockInstrument2] [WORKER_MAIN] Worker exited cleanly
[2026-01-09 00:28:50.221] [instrument] [info] [PLUGIN] [SHUTDOWN] Shutting down plugin:  ./build/tests/mock_visa_plugin.so
[2026-01-09 00:28:51.033] [instrument] [info] [MockInstrument2] [WORKER_MAIN] Worker starting
[2026-01-09 00:28:51.033] [instrument] [info] [MockInstrument2] [WORKER_MAIN] Plugin:  ./build/tests/mock_visa_plugin.so
[2026-01-09 00:28:51.033] [instrument] [info] [PLUGIN] [LOAD] Loading plugin: ./build/tests/mock_visa_plugin.so
[2026-01-09 00:28:51.033] [instrument] [info] [PLUGIN] [LOAD] Plugin loaded successfully:  ./build/tests/mock_visa_plugin.so
[2026-01-09 00:28:51.033] [instrument] [info] [MockInstrument2] [WORKER_MAIN] Loaded plugin:  Mock VISA v1.0.0 (VISA)
[2026-01-09 00:28:51.033] [instrument] [info] [PLUGIN] [INIT] Initializing plugin for instrument: MockInstrument2
[2026-01-09 00:28:51.033] [instrument] [info] [MockInstrument2] [WORKER_MAIN] Plugin initialized successfully
[2026-01-09 00:28:51.033] [instrument] [info] [IPC] [QUEUE_OPEN] Opened queues for instrument: MockInstrument2
[2026-01-09 00:28:51.033] [instrument] [info] [MockInstrument2] [WORKER_MAIN] IPC queue connected
[2026-01-09 00:28:51.033] [instrument] [info] [MockInstrument2] [WORKER_MAIN] Entering main loop
[2026-01-09 00:28:52.186] [instrument] [info] [MockInstrument2] [WORKER_MAIN] Received shutdown message
[2026-01-09 00:28:52.186] [instrument] [info] [MockInstrument2] [WORKER_MAIN] Shutting down
[2026-01-09 00:28:52.186] [instrument] [info] [PLUGIN] [SHUTDOWN] Shutting down plugin:  ./build/tests/mock_visa_plugin.so
[2026-01-09 00:28:52.186] [instrument] [info] [MockInstrument2] [WORKER_MAIN] Worker exited cleanly
[2026-01-09 00:28:52.186] [instrument] [info] [PLUGIN] [SHUTDOWN] Shutting down plugin:  ./build/tests/mock_visa_plugin.so
[2026-01-09 00:28:52.998] [instrument] [info] [MockInstrument2] [WORKER_MAIN] Worker starting
[2026-01-09 00:28:52.998] [instrument] [info] [MockInstrument2] [WORKER_MAIN] Plugin:  ./build/tests/mock_visa_plugin.so
[2026-01-09 00:28:52.998] [instrument] [info] [PLUGIN] [LOAD] Loading plugin: ./build/tests/mock_visa_plugin.so
[2026-01-09 00:28:52.999] [instrument] [info] [PLUGIN] [LOAD] Plugin loaded successfully:  ./build/tests/mock_visa_plugin.so
[2026-01-09 00:28:52.999] [instrument] [info] [MockInstrument2] [WORKER_MAIN] Loaded plugin:  Mock VISA v1.0.0 (VISA)
[2026-01-09 00:28:52.999] [instrument] [info] [PLUGIN] [INIT] Initializing plugin for instrument: MockInstrument2
[2026-01-09 00:28:52.999] [instrument] [info] [MockInstrument2] [WORKER_MAIN] Plugin initialized successfully
[2026-01-09 00:28:52.999] [instrument] [info] [IPC] [QUEUE_OPEN] Opened queues for instrument: MockInstrument2
[2026-01-09 00:28:52.999] [instrument] [info] [MockInstrument2] [WORKER_MAIN] IPC queue connected
[2026-01-09 00:28:52.999] [instrument] [info] [MockInstrument2] [WORKER_MAIN] Entering main loop
[2026-01-09 00:28:54.152] [instrument] [info] [MockInstrument2] [WORKER_MAIN] Received shutdown message
[2026-01-09 00:28:54.152] [instrument] [info] [MockInstrument2] [WORKER_MAIN] Shutting down
[2026-01-09 00:28:54.152] [instrument] [info] [PLUGIN] [SHUTDOWN] Shutting down plugin:  ./build/tests/mock_visa_plugin.so
[2026-01-09 00:28:54.152] [instrument] [info] [MockInstrument2] [WORKER_MAIN] Worker exited cleanly
[2026-01-09 00:28:54.152] [instrument] [info] [PLUGIN] [SHUTDOWN] Shutting down plugin:  ./build/tests/mock_visa_plugin.so
[2026-01-09 00:28:54.964] [instrument] [info] [MockInstrument2] [WORKER_MAIN] Worker starting
[2026-01-09 00:28:54.965] [instrument] [info] [MockInstrument2] [WORKER_MAIN] Plugin:  ./build/tests/mock_visa_plugin.so
[2026-01-09 00:28:54.965] [instrument] [info] [PLUGIN] [LOAD] Loading plugin: ./build/tests/mock_visa_plugin.so
[2026-01-09 00:28:54.965] [instrument] [info] [PLUGIN] [LOAD] Plugin loaded successfully:  ./build/tests/mock_visa_plugin.so
[2026-01-09 00:28:54.965] [instrument] [info] [MockInstrument2] [WORKER_MAIN] Loaded plugin:  Mock VISA v1.0.0 (VISA)
[2026-01-09 00:28:54.965] [instrument] [info] [PLUGIN] [INIT] Initializing plugin for instrument: MockInstrument2
[2026-01-09 00:28:54.965] [instrument] [info] [MockInstrument2] [WORKER_MAIN] Plugin initialized successfully
[2026-01-09 00:28:54.965] [instrument] [info] [IPC] [QUEUE_OPEN] Opened queues for instrument: MockInstrument2
[2026-01-09 00:28:54.965] [instrument] [info] [MockInstrument2] [WORKER_MAIN] IPC queue connected
[2026-01-09 00:28:54.965] [instrument] [info] [MockInstrument2] [WORKER_MAIN] Entering main loop
[2026-01-09 00:28:56.119] [instrument] [info] [MockInstrument2] [WORKER_MAIN] Received shutdown message
[2026-01-09 00:28:56.119] [instrument] [info] [MockInstrument2] [WORKER_MAIN] Shutting down
[2026-01-09 00:28:56.119] [instrument] [info] [PLUGIN] [SHUTDOWN] Shutting down plugin:  ./build/tests/mock_visa_plugin.so
[2026-01-09 00:28:56.119] [instrument] [info] [MockInstrument2] [WORKER_MAIN] Worker exited cleanly
[2026-01-09 00:28:56.119] [instrument] [info] [PLUGIN] [SHUTDOWN] Shutting down plugin:  ./build/tests/mock_visa_plugin.so
[2026-01-09 00:28:56.931] [instrument] [info] [MockInstrument2] [WORKER_MAIN] Worker starting
[2026-01-09 00:28:56.931] [instrument] [info] [MockInstrument2] [WORKER_MAIN] Plugin:  ./build/tests/mock_visa_plugin.so
[2026-01-09 00:28:56.931] [instrument] [info] [PLUGIN] [LOAD] Loading plugin: ./build/tests/mock_visa_plugin.so
[2026-01-09 00:28:56.931] [instrument] [info] [PLUGIN] [LOAD] Plugin loaded successfully:  ./build/tests/mock_visa_plugin.so
[2026-01-09 00:28:56.931] [instrument] [info] [MockInstrument2] [WORKER_MAIN] Loaded plugin:  Mock VISA v1.0.0 (VISA)
[2026-01-09 00:28:56.931] [instrument] [info] [PLUGIN] [INIT] Initializing plugin for instrument: MockInstrument2
[2026-01-09 00:28:56.931] [instrument] [info] [MockInstrument2] [WORKER_MAIN] Plugin initialized successfully
[2026-01-09 00:28:56.931] [instrument] [info] [IPC] [QUEUE_OPEN] Opened queues for instrument: MockInstrument2
[2026-01-09 00:28:56.931] [instrument] [info] [MockInstrument2] [WORKER_MAIN] IPC queue connected
[2026-01-09 00:28:56.932] [instrument] [info] [MockInstrument2] [WORKER_MAIN] Entering main loop
[2026-01-09 00:28:58.086] [instrument] [info] [MockInstrument2] [WORKER_MAIN] Received shutdown message
[2026-01-09 00:28:58.086] [instrument] [info] [MockInstrument2] [WORKER_MAIN] Shutting down
[2026-01-09 00:28:58.086] [instrument] [info] [PLUGIN] [SHUTDOWN] Shutting down plugin:  ./build/tests/mock_visa_plugin.so
[2026-01-09 00:28:58.086] [instrument] [info] [MockInstrument2] [WORKER_MAIN] Worker exited cleanly
[2026-01-09 00:28:58.086] [instrument] [info] [PLUGIN] [SHUTDOWN] Shutting down plugin:  ./build/tests/mock_visa_plugin.so
[2026-01-09 00:28:58.898] [instrument] [info] [MockInstrument2] [WORKER_MAIN] Worker starting
[2026-01-09 00:28:58.898] [instrument] [info] [MockInstrument2] [WORKER_MAIN] Plugin:  ./build/tests/mock_visa_plugin.so
[2026-01-09 00:28:58.898] [instrument] [info] [PLUGIN] [LOAD] Loading plugin: ./build/tests/mock_visa_plugin.so
[2026-01-09 00:28:58.898] [instrument] [info] [PLUGIN] [LOAD] Plugin loaded successfully:  ./build/tests/mock_visa_plugin.so
[2026-01-09 00:28:58.898] [instrument] [info] [MockInstrument2] [WORKER_MAIN] Loaded plugin:  Mock VISA v1.0.0 (VISA)
[2026-01-09 00:28:58.898] [instrument] [info] [PLUGIN] [INIT] Initializing plugin for instrument: MockInstrument2
[2026-01-09 00:28:58.898] [instrument] [info] [MockInstrument2] [WORKER_MAIN] Plugin initialized successfully
[2026-01-09 00:28:58.898] [instrument] [info] [IPC] [QUEUE_OPEN] Opened queues for instrument: MockInstrument2
[2026-01-09 00:28:58.898] [instrument] [info] [MockInstrument2] [WORKER_MAIN] IPC queue connected
[2026-01-09 00:28:58.898] [instrument] [info] [MockInstrument2] [WORKER_MAIN] Entering main loop
[2026-01-09 00:29:00.052] [instrument] [info] [MockInstrument2] [WORKER_MAIN] Received shutdown message
[2026-01-09 00:29:00.052] [instrument] [info] [MockInstrument2] [WORKER_MAIN] Shutting down
[2026-01-09 00:29:00.052] [instrument] [info] [PLUGIN] [SHUTDOWN] Shutting down plugin:  ./build/tests/mock_visa_plugin.so
[2026-01-09 00:29:00.052] [instrument] [info] [MockInstrument2] [WORKER_MAIN] Worker exited cleanly
[2026-01-09 00:29:00.052] [instrument] [info] [PLUGIN] [SHUTDOWN] Shutting down plugin:  ./build/tests/mock_visa_plugin.so
[2026-01-09 00:30:03.685] [instrument] [info] [MockInstrument2] [WORKER_MAIN] Worker starting
[2026-01-09 00:30:03.685] [instrument] [info] [MockInstrument2] [WORKER_MAIN] Plugin:  ./build/tests/mock_visa_plugin.so
[2026-01-09 00:30:03.685] [instrument] [info] [PLUGIN] [LOAD] Loading plugin: ./build/tests/mock_visa_plugin.so
[2026-01-09 00:30:03.685] [instrument] [info] [PLUGIN] [LOAD] Plugin loaded successfully:  ./build/tests/mock_visa_plugin.so
[2026-01-09 00:30:03.685] [instrument] [info] [MockInstrument2] [WORKER_MAIN] Loaded plugin:  Mock VISA v1.0.0 (VISA)
[2026-01-09 00:30:03.685] [instrument] [info] [PLUGIN] [INIT] Initializing plugin for instrument: MockInstrument2
[2026-01-09 00:30:03.685] [instrument] [info] [MockInstrument2] [WORKER_MAIN] Plugin initialized successfully
[2026-01-09 00:30:03.685] [instrument] [info] [IPC] [QUEUE_OPEN] Opened queues for instrument: MockInstrument2
[2026-01-09 00:30:03.685] [instrument] [info] [MockInstrument2] [WORKER_MAIN] IPC queue connected
[2026-01-09 00:30:03.685] [instrument] [info] [MockInstrument2] [WORKER_MAIN] Entering main loop
[2026-01-09 00:30:04.840] [instrument] [info] [MockInstrument2] [WORKER_MAIN] Received shutdown message
[2026-01-09 00:30:04.840] [instrument] [info] [MockInstrument2] [WORKER_MAIN] Shutting down
[2026-01-09 00:30:04.840] [instrument] [info] [PLUGIN] [SHUTDOWN] Shutting down plugin:  ./build/tests/mock_visa_plugin.so
[2026-01-09 00:30:04.840] [instrument] [info] [MockInstrument2] [WORKER_MAIN] Worker exited cleanly
[2026-01-09 00:30:04.840] [instrument] [info] [PLUGIN] [SHUTDOWN] Shutting down plugin:  ./build/tests/mock_visa_plugin.so
