[2025-12-19 17:51:10.602] [instrument] [info] [MockInstrument1] [WORKER_MAIN] Worker starting
[2025-12-19 17:51:10.602] [instrument] [info] [MockInstrument1] [WORKER_MAIN] Plugin:  ./build/tests/mock_visa_plugin.so
[2025-12-19 17:51:10.602] [instrument] [info] [PLUGIN] [LOAD] Loading plugin: ./build/tests/mock_visa_plugin.so
[2025-12-19 17:51:10.602] [instrument] [info] [PLUGIN] [LOAD] Plugin loaded successfully:  ./build/tests/mock_visa_plugin.so
[2025-12-19 17:51:10.602] [instrument] [info] [MockInstrument1] [WORKER_MAIN] Loaded plugin:  Mock VISA v1.0.0 (VISA)
[2025-12-19 17:51:10.602] [instrument] [info] [PLUGIN] [INIT] Initializing plugin for instrument: MockInstrument1
[2025-12-19 17:51:10.602] [instrument] [info] [MockInstrument1] [WORKER_MAIN] Plugin initialized successfully
[2025-12-19 17:51:10.602] [instrument] [info] [IPC] [QUEUE_OPEN] Opened queues for instrument: MockInstrument1
[2025-12-19 17:51:10.602] [instrument] [info] [MockInstrument1] [WORKER_MAIN] IPC queue connected
[2025-12-19 17:51:10.602] [instrument] [info] [MockInstrument1] [WORKER_MAIN] Entering main loop
[2025-12-19 17:51:11.101] [instrument] [info] [MockInstrument1] [WORKER_MAIN] Received shutdown message
[2025-12-19 17:51:11.101] [instrument] [info] [MockInstrument1] [WORKER_MAIN] Shutting down
[2025-12-19 17:51:11.101] [instrument] [info] [PLUGIN] [SHUTDOWN] Shutting down plugin:  ./build/tests/mock_visa_plugin.so
[2025-12-19 17:51:11.101] [instrument] [info] [MockInstrument1] [WORKER_MAIN] Worker exited cleanly
[2025-12-19 17:51:11.101] [instrument] [info] [PLUGIN] [SHUTDOWN] Shutting down plugin:  ./build/tests/mock_visa_plugin.so
[2025-12-19 17:51:12.210] [instrument] [info] [MockInstrument1] [WORKER_MAIN] Worker starting
[2025-12-19 17:51:12.210] [instrument] [info] [MockInstrument1] [WORKER_MAIN] Plugin:  ./build/tests/mock_visa_plugin.so
[2025-12-19 17:51:12.210] [instrument] [info] [PLUGIN] [LOAD] Loading plugin: ./build/tests/mock_visa_plugin.so
[2025-12-19 17:51:12.210] [instrument] [info] [PLUGIN] [LOAD] Plugin loaded successfully:  ./build/tests/mock_visa_plugin.so
[2025-12-19 17:51:12.210] [instrument] [info] [MockInstrument1] [WORKER_MAIN] Loaded plugin:  Mock VISA v1.0.0 (VISA)
[2025-12-19 17:51:12.210] [instrument] [info] [PLUGIN] [INIT] Initializing plugin for instrument: MockInstrument1
[2025-12-19 17:51:12.210] [instrument] [info] [MockInstrument1] [WORKER_MAIN] Plugin initialized successfully
[2025-12-19 17:51:12.210] [instrument] [info] [IPC] [QUEUE_OPEN] Opened queues for instrument: MockInstrument1
[2025-12-19 17:51:12.210] [instrument] [info] [MockInstrument1] [WORKER_MAIN] IPC queue connected
[2025-12-19 17:51:12.210] [instrument] [info] [MockInstrument1] [WORKER_MAIN] Entering main loop
[2025-12-19 17:51:12.709] [instrument] [info] [MockInstrument1] [WORKER_MAIN] Received shutdown message
[2025-12-19 17:51:12.709] [instrument] [info] [MockInstrument1] [WORKER_MAIN] Shutting down
[2025-12-19 17:51:12.709] [instrument] [info] [PLUGIN] [SHUTDOWN] Shutting down plugin:  ./build/tests/mock_visa_plugin.so
[2025-12-19 17:51:12.709] [instrument] [info] [MockInstrument1] [WORKER_MAIN] Worker exited cleanly
[2025-12-19 17:51:12.709] [instrument] [info] [PLUGIN] [SHUTDOWN] Shutting down plugin:  ./build/tests/mock_visa_plugin.so
[2025-12-19 17:51:13.818] [instrument] [info] [MockInstrument1] [WORKER_MAIN] Worker starting
[2025-12-19 17:51:13.818] [instrument] [info] [MockInstrument1] [WORKER_MAIN] Plugin:  ./build/tests/mock_visa_plugin.so
[2025-12-19 17:51:13.818] [instrument] [info] [PLUGIN] [LOAD] Loading plugin: ./build/tests/mock_visa_plugin.so
[2025-12-19 17:51:13.818] [instrument] [info] [PLUGIN] [LOAD] Plugin loaded successfully:  ./build/tests/mock_visa_plugin.so
[2025-12-19 17:51:13.818] [instrument] [info] [MockInstrument1] [WORKER_MAIN] Loaded plugin:  Mock VISA v1.0.0 (VISA)
[2025-12-19 17:51:13.818] [instrument] [info] [PLUGIN] [INIT] Initializing plugin for instrument: MockInstrument1
[2025-12-19 17:51:13.818] [instrument] [info] [MockInstrument1] [WORKER_MAIN] Plugin initialized successfully
[2025-12-19 17:51:13.818] [instrument] [info] [IPC] [QUEUE_OPEN] Opened queues for instrument: MockInstrument1
[2025-12-19 17:51:13.818] [instrument] [info] [MockInstrument1] [WORKER_MAIN] IPC queue connected
[2025-12-19 17:51:13.818] [instrument] [info] [MockInstrument1] [WORKER_MAIN] Entering main loop
[2025-12-19 17:51:14.317] [instrument] [info] [MockInstrument1] [WORKER_MAIN] Received shutdown message
[2025-12-19 17:51:14.317] [instrument] [info] [MockInstrument1] [WORKER_MAIN] Shutting down
[2025-12-19 17:51:14.317] [instrument] [info] [PLUGIN] [SHUTDOWN] Shutting down plugin:  ./build/tests/mock_visa_plugin.so
[2025-12-19 17:51:14.317] [instrument] [info] [MockInstrument1] [WORKER_MAIN] Worker exited cleanly
[2025-12-19 17:51:14.317] [instrument] [info] [PLUGIN] [SHUTDOWN] Shutting down plugin:  ./build/tests/mock_visa_plugin.so
[2025-12-19 17:51:15.426] [instrument] [info] [MockInstrument1] [WORKER_MAIN] Worker starting
[2025-12-19 17:51:15.426] [instrument] [info] [MockInstrument1] [WORKER_MAIN] Plugin:  ./build/tests/mock_visa_plugin.so
[2025-12-19 17:51:15.426] [instrument] [info] [PLUGIN] [LOAD] Loading plugin: ./build/tests/mock_visa_plugin.so
[2025-12-19 17:51:15.426] [instrument] [info] [PLUGIN] [LOAD] Plugin loaded successfully:  ./build/tests/mock_visa_plugin.so
[2025-12-19 17:51:15.426] [instrument] [info] [MockInstrument1] [WORKER_MAIN] Loaded plugin:  Mock VISA v1.0.0 (VISA)
[2025-12-19 17:51:15.426] [instrument] [info] [PLUGIN] [INIT] Initializing plugin for instrument: MockInstrument1
[2025-12-19 17:51:15.426] [instrument] [info] [MockInstrument1] [WORKER_MAIN] Plugin initialized successfully
[2025-12-19 17:51:15.426] [instrument] [info] [IPC] [QUEUE_OPEN] Opened queues for instrument: MockInstrument1
[2025-12-19 17:51:15.426] [instrument] [info] [MockInstrument1] [WORKER_MAIN] IPC queue connected
[2025-12-19 17:51:15.426] [instrument] [info] [MockInstrument1] [WORKER_MAIN] Entering main loop
[2025-12-19 17:51:15.925] [instrument] [info] [MockInstrument1] [WORKER_MAIN] Received shutdown message
[2025-12-19 17:51:15.925] [instrument] [info] [MockInstrument1] [WORKER_MAIN] Shutting down
[2025-12-19 17:51:15.925] [instrument] [info] [PLUGIN] [SHUTDOWN] Shutting down plugin:  ./build/tests/mock_visa_plugin.so
[2025-12-19 17:51:15.925] [instrument] [info] [MockInstrument1] [WORKER_MAIN] Worker exited cleanly
[2025-12-19 17:51:15.925] [instrument] [info] [PLUGIN] [SHUTDOWN] Shutting down plugin:  ./build/tests/mock_visa_plugin.so
[2025-12-19 17:51:17.035] [instrument] [info] [MockInstrument1] [WORKER_MAIN] Worker starting
[2025-12-19 17:51:17.035] [instrument] [info] [MockInstrument1] [WORKER_MAIN] Plugin:  ./build/tests/mock_visa_plugin.so
[2025-12-19 17:51:17.035] [instrument] [info] [PLUGIN] [LOAD] Loading plugin: ./build/tests/mock_visa_plugin.so
[2025-12-19 17:51:17.035] [instrument] [info] [PLUGIN] [LOAD] Plugin loaded successfully:  ./build/tests/mock_visa_plugin.so
[2025-12-19 17:51:17.035] [instrument] [info] [MockInstrument1] [WORKER_MAIN] Loaded plugin:  Mock VISA v1.0.0 (VISA)
[2025-12-19 17:51:17.035] [instrument] [info] [PLUGIN] [INIT] Initializing plugin for instrument: MockInstrument1
[2025-12-19 17:51:17.035] [instrument] [info] [MockInstrument1] [WORKER_MAIN] Plugin initialized successfully
[2025-12-19 17:51:17.035] [instrument] [info] [IPC] [QUEUE_OPEN] Opened queues for instrument: MockInstrument1
[2025-12-19 17:51:17.035] [instrument] [info] [MockInstrument1] [WORKER_MAIN] IPC queue connected
[2025-12-19 17:51:17.035] [instrument] [info] [MockInstrument1] [WORKER_MAIN] Entering main loop
[2025-12-19 17:51:17.533] [instrument] [info] [MockInstrument1] [WORKER_MAIN] Received shutdown message
[2025-12-19 17:51:17.533] [instrument] [info] [MockInstrument1] [WORKER_MAIN] Shutting down
[2025-12-19 17:51:17.533] [instrument] [info] [PLUGIN] [SHUTDOWN] Shutting down plugin:  ./build/tests/mock_visa_plugin.so
[2025-12-19 17:51:17.533] [instrument] [info] [MockInstrument1] [WORKER_MAIN] Worker exited cleanly
[2025-12-19 17:51:17.533] [instrument] [info] [PLUGIN] [SHUTDOWN] Shutting down plugin:  ./build/tests/mock_visa_plugin.so
