[2025-12-19 10:58:19.085] [instrument] [info] [--instrument] [WORKER_MAIN] Worker starting
[2025-12-19 10:58:19.085] [instrument] [info] [--instrument] [WORKER_MAIN] Plugin:  MockInstrument1
[2025-12-19 10:58:19.085] [instrument] [info] [PLUGIN] [LOAD] Loading plugin: MockInstrument1
[2025-12-19 10:58:19.085] [instrument] [error] [PLUGIN] [LOAD] Failed to load library: MockInstrument1: cannot open shared object file: No such file or directory
[2025-12-19 10:58:19.085] [instrument] [error] [--instrument] [WORKER_MAIN] Fatal error: Failed to load library: MockInstrument1: cannot open shared object file: No such file or directory
[2025-12-19 11:02:02.487] [instrument] [info] [--instrument] [WORKER_MAIN] Worker starting
[2025-12-19 11:02:02.487] [instrument] [info] [--instrument] [WORKER_MAIN] Plugin:  MockInstrument1
[2025-12-19 11:02:02.488] [instrument] [info] [PLUGIN] [LOAD] Loading plugin: MockInstrument1
[2025-12-19 11:02:02.488] [instrument] [error] [PLUGIN] [LOAD] Failed to load library: MockInstrument1: cannot open shared object file: No such file or directory
[2025-12-19 11:02:02.488] [instrument] [error] [--instrument] [WORKER_MAIN] Fatal error: Failed to load library: MockInstrument1: cannot open shared object file: No such file or directory
[2025-12-19 11:04:58.625] [instrument] [info] [--instrument] [WORKER_MAIN] Worker starting
[2025-12-19 11:04:58.625] [instrument] [info] [--instrument] [WORKER_MAIN] Plugin:  MockInstrument1
[2025-12-19 11:04:58.625] [instrument] [info] [PLUGIN] [LOAD] Loading plugin: MockInstrument1
[2025-12-19 11:04:58.625] [instrument] [error] [PLUGIN] [LOAD] Failed to load library: MockInstrument1: cannot open shared object file: No such file or directory
[2025-12-19 11:04:58.625] [instrument] [error] [--instrument] [WORKER_MAIN] Fatal error: Failed to load library: MockInstrument1: cannot open shared object file: No such file or directory
[2025-12-19 11:14:23.760] [instrument] [info] [--instrument] [WORKER_MAIN] Worker starting
[2025-12-19 11:14:23.760] [instrument] [info] [--instrument] [WORKER_MAIN] Plugin:  MockInstrument1
[2025-12-19 11:14:23.760] [instrument] [info] [PLUGIN] [LOAD] Loading plugin: MockInstrument1
[2025-12-19 11:14:23.760] [instrument] [error] [PLUGIN] [LOAD] Failed to load library: MockInstrument1: cannot open shared object file: No such file or directory
[2025-12-19 11:14:23.760] [instrument] [error] [--instrument] [WORKER_MAIN] Fatal error: Failed to load library: MockInstrument1: cannot open shared object file: No such file or directory
[2025-12-19 12:44:42.192] [instrument] [info] [--instrument] [WORKER_MAIN] Worker starting
[2025-12-19 12:44:42.192] [instrument] [info] [--instrument] [WORKER_MAIN] Plugin:  MockInstrument1
[2025-12-19 12:44:42.192] [instrument] [info] [PLUGIN] [LOAD] Loading plugin: MockInstrument1
[2025-12-19 12:44:42.192] [instrument] [error] [PLUGIN] [LOAD] Failed to load library: MockInstrument1: cannot open shared object file: No such file or directory
[2025-12-19 12:44:42.192] [instrument] [error] [--instrument] [WORKER_MAIN] Fatal error: Failed to load library: MockInstrument1: cannot open shared object file: No such file or directory
[2025-12-19 12:46:50.511] [instrument] [info] [--instrument] [WORKER_MAIN] Worker starting
[2025-12-19 12:46:50.511] [instrument] [info] [--instrument] [WORKER_MAIN] Plugin:  MockInstrument1
[2025-12-19 12:46:50.511] [instrument] [info] [PLUGIN] [LOAD] Loading plugin: MockInstrument1
[2025-12-19 12:46:50.511] [instrument] [error] [PLUGIN] [LOAD] Failed to load library: MockInstrument1: cannot open shared object file: No such file or directory
[2025-12-19 12:46:50.511] [instrument] [error] [--instrument] [WORKER_MAIN] Fatal error: Failed to load library: MockInstrument1: cannot open shared object file: No such file or directory
[2025-12-19 12:50:31.217] [instrument] [info] [--instrument] [WORKER_MAIN] Worker starting
[2025-12-19 12:50:31.217] [instrument] [info] [--instrument] [WORKER_MAIN] Plugin:  MockInstrument1
[2025-12-19 12:50:31.217] [instrument] [info] [PLUGIN] [LOAD] Loading plugin: MockInstrument1
[2025-12-19 12:50:31.217] [instrument] [error] [PLUGIN] [LOAD] Failed to load library: MockInstrument1: cannot open shared object file: No such file or directory
[2025-12-19 12:50:31.217] [instrument] [error] [--instrument] [WORKER_MAIN] Fatal error: Failed to load library: MockInstrument1: cannot open shared object file: No such file or directory
[2025-12-19 12:50:48.562] [instrument] [info] [--instrument] [WORKER_MAIN] Worker starting
[2025-12-19 12:50:48.562] [instrument] [info] [--instrument] [WORKER_MAIN] Plugin:  MockInstrument1
[2025-12-19 12:50:48.562] [instrument] [info] [PLUGIN] [LOAD] Loading plugin: MockInstrument1
[2025-12-19 12:50:48.562] [instrument] [error] [PLUGIN] [LOAD] Failed to load library: MockInstrument1: cannot open shared object file: No such file or directory
[2025-12-19 12:50:48.562] [instrument] [error] [--instrument] [WORKER_MAIN] Fatal error: Failed to load library: MockInstrument1: cannot open shared object file: No such file or directory
[2025-12-19 14:07:27.404] [instrument] [info] [--instrument] [WORKER_MAIN] Worker starting
[2025-12-19 14:07:27.404] [instrument] [info] [--instrument] [WORKER_MAIN] Plugin:  MockInstrument1
[2025-12-19 14:07:27.404] [instrument] [info] [PLUGIN] [LOAD] Loading plugin: MockInstrument1
[2025-12-19 14:07:27.404] [instrument] [error] [PLUGIN] [LOAD] Failed to load library: MockInstrument1: cannot open shared object file: No such file or directory
[2025-12-19 14:07:27.404] [instrument] [error] [--instrument] [WORKER_MAIN] Fatal error: Failed to load library: MockInstrument1: cannot open shared object file: No such file or directory
[2025-12-19 14:07:28.914] [instrument] [info] [--instrument] [WORKER_MAIN] Worker starting
[2025-12-19 14:07:28.914] [instrument] [info] [--instrument] [WORKER_MAIN] Plugin:  MockInstrument1
[2025-12-19 14:07:28.914] [instrument] [info] [PLUGIN] [LOAD] Loading plugin: MockInstrument1
[2025-12-19 14:07:28.914] [instrument] [error] [PLUGIN] [LOAD] Failed to load library: MockInstrument1: cannot open shared object file: No such file or directory
[2025-12-19 14:07:28.914] [instrument] [error] [--instrument] [WORKER_MAIN] Fatal error: Failed to load library: MockInstrument1: cannot open shared object file: No such file or directory
[2025-12-19 14:07:30.424] [instrument] [info] [--instrument] [WORKER_MAIN] Worker starting
[2025-12-19 14:07:30.424] [instrument] [info] [--instrument] [WORKER_MAIN] Plugin:  MockInstrument1
[2025-12-19 14:07:30.424] [instrument] [info] [PLUGIN] [LOAD] Loading plugin: MockInstrument1
[2025-12-19 14:07:30.424] [instrument] [error] [PLUGIN] [LOAD] Failed to load library: MockInstrument1: cannot open shared object file: No such file or directory
[2025-12-19 14:07:30.424] [instrument] [error] [--instrument] [WORKER_MAIN] Fatal error: Failed to load library: MockInstrument1: cannot open shared object file: No such file or directory
[2025-12-19 14:07:31.935] [instrument] [info] [--instrument] [WORKER_MAIN] Worker starting
[2025-12-19 14:07:31.935] [instrument] [info] [--instrument] [WORKER_MAIN] Plugin:  MockInstrument1
[2025-12-19 14:07:31.935] [instrument] [info] [PLUGIN] [LOAD] Loading plugin: MockInstrument1
[2025-12-19 14:07:31.935] [instrument] [error] [PLUGIN] [LOAD] Failed to load library: MockInstrument1: cannot open shared object file: No such file or directory
[2025-12-19 14:07:31.935] [instrument] [error] [--instrument] [WORKER_MAIN] Fatal error: Failed to load library: MockInstrument1: cannot open shared object file: No such file or directory
[2025-12-19 14:07:33.445] [instrument] [info] [--instrument] [WORKER_MAIN] Worker starting
[2025-12-19 14:07:33.445] [instrument] [info] [--instrument] [WORKER_MAIN] Plugin:  MockInstrument1
[2025-12-19 14:07:33.445] [instrument] [info] [PLUGIN] [LOAD] Loading plugin: MockInstrument1
[2025-12-19 14:07:33.446] [instrument] [error] [PLUGIN] [LOAD] Failed to load library: MockInstrument1: cannot open shared object file: No such file or directory
[2025-12-19 14:07:33.446] [instrument] [error] [--instrument] [WORKER_MAIN] Fatal error: Failed to load library: MockInstrument1: cannot open shared object file: No such file or directory
[2025-12-19 15:38:07.924] [instrument] [info] [--instrument] [WORKER_MAIN] Worker starting
[2025-12-19 15:38:07.924] [instrument] [info] [--instrument] [WORKER_MAIN] Plugin:  MockInstrument1
[2025-12-19 15:38:07.924] [instrument] [info] [PLUGIN] [LOAD] Loading plugin: MockInstrument1
[2025-12-19 15:38:07.924] [instrument] [error] [PLUGIN] [LOAD] Failed to load library: MockInstrument1: cannot open shared object file: No such file or directory
[2025-12-19 15:38:07.924] [instrument] [error] [--instrument] [WORKER_MAIN] Fatal error: Failed to load library: MockInstrument1: cannot open shared object file: No such file or directory
[2025-12-19 15:38:09.434] [instrument] [info] [--instrument] [WORKER_MAIN] Worker starting
[2025-12-19 15:38:09.434] [instrument] [info] [--instrument] [WORKER_MAIN] Plugin:  MockInstrument1
[2025-12-19 15:38:09.434] [instrument] [info] [PLUGIN] [LOAD] Loading plugin: MockInstrument1
[2025-12-19 15:38:09.434] [instrument] [error] [PLUGIN] [LOAD] Failed to load library: MockInstrument1: cannot open shared object file: No such file or directory
[2025-12-19 15:38:09.434] [instrument] [error] [--instrument] [WORKER_MAIN] Fatal error: Failed to load library: MockInstrument1: cannot open shared object file: No such file or directory
[2025-12-19 15:38:10.943] [instrument] [info] [--instrument] [WORKER_MAIN] Worker starting
[2025-12-19 15:38:10.943] [instrument] [info] [--instrument] [WORKER_MAIN] Plugin:  MockInstrument1
[2025-12-19 15:38:10.943] [instrument] [info] [PLUGIN] [LOAD] Loading plugin: MockInstrument1
[2025-12-19 15:38:10.943] [instrument] [error] [PLUGIN] [LOAD] Failed to load library: MockInstrument1: cannot open shared object file: No such file or directory
[2025-12-19 15:38:10.943] [instrument] [error] [--instrument] [WORKER_MAIN] Fatal error: Failed to load library: MockInstrument1: cannot open shared object file: No such file or directory
[2025-12-19 15:38:12.454] [instrument] [info] [--instrument] [WORKER_MAIN] Worker starting
[2025-12-19 15:38:12.454] [instrument] [info] [--instrument] [WORKER_MAIN] Plugin:  MockInstrument1
[2025-12-19 15:38:12.454] [instrument] [info] [PLUGIN] [LOAD] Loading plugin: MockInstrument1
[2025-12-19 15:38:12.454] [instrument] [error] [PLUGIN] [LOAD] Failed to load library: MockInstrument1: cannot open shared object file: No such file or directory
[2025-12-19 15:38:12.454] [instrument] [error] [--instrument] [WORKER_MAIN] Fatal error: Failed to load library: MockInstrument1: cannot open shared object file: No such file or directory
[2025-12-19 15:38:13.964] [instrument] [info] [--instrument] [WORKER_MAIN] Worker starting
[2025-12-19 15:38:13.964] [instrument] [info] [--instrument] [WORKER_MAIN] Plugin:  MockInstrument1
[2025-12-19 15:38:13.964] [instrument] [info] [PLUGIN] [LOAD] Loading plugin: MockInstrument1
[2025-12-19 15:38:13.964] [instrument] [error] [PLUGIN] [LOAD] Failed to load library: MockInstrument1: cannot open shared object file: No such file or directory
[2025-12-19 15:38:13.964] [instrument] [error] [--instrument] [WORKER_MAIN] Fatal error: Failed to load library: MockInstrument1: cannot open shared object file: No such file or directory
