[2025-12-18 01:42:17.511] [instrument] [info] [MockDMM1] [WORKER_MAIN] Starting worker for instrument: MockDMM1
[2025-12-18 01:42:17.511] [instrument] [info] [MockDMM1] [WORKER_MAIN] Plugin path: /tmp/mock_visa_plugin.so
[2025-12-18 01:42:17.511] [instrument] [info] [PLUGIN] [LOAD] Loading plugin: /tmp/mock_visa_plugin.so
[2025-12-18 01:42:17.511] [instrument] [info] [PLUGIN] [LOAD] Plugin loaded successfully:  /tmp/mock_visa_plugin.so
[2025-12-18 01:42:17.511] [instrument] [info] [MockDMM1] [WORKER_MAIN] Loaded plugin: Mock VISA v1.0.0
[2025-12-18 01:42:17.511] [instrument] [info] [IPC] [QUEUE_OPEN] Opened queues for instrument: MockDMM1
[2025-12-18 01:42:17.511] [instrument] [info] [MockDMM1] [WORKER_MAIN] IPC queues opened
[2025-12-18 01:42:17.511] [instrument] [info] [PLUGIN] [INIT] Initializing plugin for instrument: MockDMM1
[2025-12-18 01:42:17.511] [instrument] [info] [MockDMM1] [WORKER_MAIN] Plugin initialized, entering main loop
[2025-12-18 01:42:18.510] [instrument] [info] [MockDMM1] [WORKER_MAIN] Received shutdown message
[2025-12-18 01:42:18.510] [instrument] [info] [MockDMM1] [WORKER_MAIN] Shutting down worker
[2025-12-18 01:42:18.510] [instrument] [info] [PLUGIN] [SHUTDOWN] Shutting down plugin:  /tmp/mock_visa_plugin.so
[2025-12-18 01:42:18.510] [instrument] [info] [PLUGIN] [SHUTDOWN] Shutting down plugin:  /tmp/mock_visa_plugin.so
[2025-12-18 01:42:41.292] [instrument] [info] [MockDMM1] [WORKER_MAIN] Starting worker for instrument: MockDMM1
[2025-12-18 01:42:41.292] [instrument] [info] [MockDMM1] [WORKER_MAIN] Plugin path: /tmp/mock_visa_plugin.so
[2025-12-18 01:42:41.292] [instrument] [info] [PLUGIN] [LOAD] Loading plugin: /tmp/mock_visa_plugin.so
[2025-12-18 01:42:41.292] [instrument] [info] [PLUGIN] [LOAD] Plugin loaded successfully:  /tmp/mock_visa_plugin.so
[2025-12-18 01:42:41.292] [instrument] [info] [MockDMM1] [WORKER_MAIN] Loaded plugin: Mock VISA v1.0.0
[2025-12-18 01:42:41.292] [instrument] [info] [IPC] [QUEUE_OPEN] Opened queues for instrument: MockDMM1
[2025-12-18 01:42:41.292] [instrument] [info] [MockDMM1] [WORKER_MAIN] IPC queues opened
[2025-12-18 01:42:41.292] [instrument] [info] [PLUGIN] [INIT] Initializing plugin for instrument: MockDMM1
[2025-12-18 01:42:41.292] [instrument] [info] [MockDMM1] [WORKER_MAIN] Plugin initialized, entering main loop
[2025-12-18 01:42:42.291] [instrument] [debug] [MockDMM1] [MockDMM1-1] Received command: SET_VOLTAGE
[2025-12-18 01:42:42.291] [instrument] [debug] [MockDMM1] [MockDMM1-1] Command executed: success=true
[2025-12-18 01:42:42.292] [instrument] [debug] [MockDMM1] [MockDMM1-2] Received command: MEASURE_VOLTAGE
[2025-12-18 01:42:42.292] [instrument] [debug] [MockDMM1] [MockDMM1-2] Command executed: success=true
[2025-12-18 01:42:42.292] [instrument] [info] [MockDMM1] [WORKER_MAIN] Received shutdown message
[2025-12-18 01:42:42.292] [instrument] [info] [MockDMM1] [WORKER_MAIN] Shutting down worker
[2025-12-18 01:42:42.292] [instrument] [info] [PLUGIN] [SHUTDOWN] Shutting down plugin:  /tmp/mock_visa_plugin.so
[2025-12-18 01:42:42.292] [instrument] [info] [PLUGIN] [SHUTDOWN] Shutting down plugin:  /tmp/mock_visa_plugin.so
[2025-12-18 01:43:00.015] [instrument] [info] [MockDMM1] [WORKER_MAIN] Starting worker for instrument: MockDMM1
[2025-12-18 01:43:00.015] [instrument] [info] [MockDMM1] [WORKER_MAIN] Plugin path: /tmp/mock_visa_plugin.so
[2025-12-18 01:43:00.015] [instrument] [info] [PLUGIN] [LOAD] Loading plugin: /tmp/mock_visa_plugin.so
[2025-12-18 01:43:00.015] [instrument] [info] [PLUGIN] [LOAD] Plugin loaded successfully:  /tmp/mock_visa_plugin.so
[2025-12-18 01:43:00.015] [instrument] [info] [MockDMM1] [WORKER_MAIN] Loaded plugin: Mock VISA v1.0.0
[2025-12-18 01:43:00.015] [instrument] [info] [IPC] [QUEUE_OPEN] Opened queues for instrument: MockDMM1
[2025-12-18 01:43:00.015] [instrument] [info] [MockDMM1] [WORKER_MAIN] IPC queues opened
[2025-12-18 01:43:00.015] [instrument] [info] [PLUGIN] [INIT] Initializing plugin for instrument: MockDMM1
[2025-12-18 01:43:00.015] [instrument] [info] [MockDMM1] [WORKER_MAIN] Plugin initialized, entering main loop
[2025-12-18 01:43:01.014] [instrument] [debug] [MockDMM1] [MockDMM1-1] Received command: SET_VOLTAGE
[2025-12-18 01:43:01.014] [instrument] [debug] [MockDMM1] [MockDMM1-1] Command executed: success=true
[2025-12-18 01:43:01.015] [instrument] [debug] [MockDMM1] [MockDMM1-2] Received command: MEASURE_VOLTAGE
[2025-12-18 01:43:01.015] [instrument] [debug] [MockDMM1] [MockDMM1-2] Command executed: success=true
[2025-12-18 01:43:01.015] [instrument] [debug] [MockDMM1] [MockDMM1-3] Received command: MEASURE_VOLTAGE
[2025-12-18 01:43:01.015] [instrument] [debug] [MockDMM1] [MockDMM1-3] Command executed: success=true
[2025-12-18 01:43:01.015] [instrument] [debug] [MockDMM1] [MockDMM1-4] Received command: MEASURE_VOLTAGE
[2025-12-18 01:43:01.015] [instrument] [debug] [MockDMM1] [MockDMM1-4] Command executed: success=true
[2025-12-18 01:43:01.015] [instrument] [debug] [MockDMM1] [MockDMM1-5] Received command: MEASURE_VOLTAGE
[2025-12-18 01:43:01.015] [instrument] [debug] [MockDMM1] [MockDMM1-5] Command executed: success=true
[2025-12-18 01:43:01.016] [instrument] [debug] [MockDMM1] [MockDMM1-6] Received command: MEASURE_VOLTAGE
[2025-12-18 01:43:01.016] [instrument] [debug] [MockDMM1] [MockDMM1-6] Command executed: success=true
[2025-12-18 01:43:01.016] [instrument] [debug] [MockDMM1] [MockDMM1-7] Received command: MEASURE_VOLTAGE
[2025-12-18 01:43:01.016] [instrument] [debug] [MockDMM1] [MockDMM1-7] Command executed: success=true
[2025-12-18 01:43:01.016] [instrument] [debug] [MockDMM1] [MockDMM1-8] Received command: MEASURE_VOLTAGE
[2025-12-18 01:43:01.016] [instrument] [debug] [MockDMM1] [MockDMM1-8] Command executed: success=true
[2025-12-18 01:43:01.016] [instrument] [debug] [MockDMM1] [MockDMM1-9] Received command: MEASURE_VOLTAGE
[2025-12-18 01:43:01.016] [instrument] [debug] [MockDMM1] [MockDMM1-9] Command executed: success=true
[2025-12-18 01:43:01.017] [instrument] [debug] [MockDMM1] [MockDMM1-10] Received command: MEASURE_VOLTAGE
[2025-12-18 01:43:01.017] [instrument] [debug] [MockDMM1] [MockDMM1-10] Command executed: success=true
[2025-12-18 01:43:01.017] [instrument] [debug] [MockDMM1] [MockDMM1-11] Received command: MEASURE_VOLTAGE
[2025-12-18 01:43:01.017] [instrument] [debug] [MockDMM1] [MockDMM1-11] Command executed: success=true
[2025-12-18 01:43:01.017] [instrument] [debug] [MockDMM1] [MockDMM1-12] Received command: GET_MEASUREMENT_COUNT
[2025-12-18 01:43:01.017] [instrument] [debug] [MockDMM1] [MockDMM1-12] Command executed: success=true
[2025-12-18 01:43:01.018] [instrument] [info] [MockDMM1] [WORKER_MAIN] Received shutdown message
[2025-12-18 01:43:01.018] [instrument] [info] [MockDMM1] [WORKER_MAIN] Shutting down worker
[2025-12-18 01:43:01.018] [instrument] [info] [PLUGIN] [SHUTDOWN] Shutting down plugin:  /tmp/mock_visa_plugin.so
[2025-12-18 01:43:01.018] [instrument] [info] [PLUGIN] [SHUTDOWN] Shutting down plugin:  /tmp/mock_visa_plugin.so
[2025-12-18 01:43:15.269] [instrument] [info] [MockDMM1] [WORKER_MAIN] Starting worker for instrument: MockDMM1
[2025-12-18 01:43:15.269] [instrument] [info] [MockDMM1] [WORKER_MAIN] Plugin path: /tmp/mock_visa_plugin.so
[2025-12-18 01:43:15.269] [instrument] [info] [PLUGIN] [LOAD] Loading plugin: /tmp/mock_visa_plugin.so
[2025-12-18 01:43:15.269] [instrument] [info] [PLUGIN] [LOAD] Plugin loaded successfully:  /tmp/mock_visa_plugin.so
[2025-12-18 01:43:15.269] [instrument] [info] [MockDMM1] [WORKER_MAIN] Loaded plugin: Mock VISA v1.0.0
[2025-12-18 01:43:15.269] [instrument] [info] [IPC] [QUEUE_OPEN] Opened queues for instrument: MockDMM1
[2025-12-18 01:43:15.269] [instrument] [info] [MockDMM1] [WORKER_MAIN] IPC queues opened
[2025-12-18 01:43:15.269] [instrument] [info] [PLUGIN] [INIT] Initializing plugin for instrument: MockDMM1
[2025-12-18 01:43:15.269] [instrument] [info] [MockDMM1] [WORKER_MAIN] Plugin initialized, entering main loop
[2025-12-18 01:43:16.268] [instrument] [debug] [MockDMM1] [MockDMM1-1] Received command: MEASURE_VOLTAGE
[2025-12-18 01:43:16.268] [instrument] [debug] [MockDMM1] [MockDMM1-1] Command executed: success=true
[2025-12-18 01:43:16.269] [instrument] [debug] [MockDMM1] [MockDMM1-2] Received command: MEASURE_VOLTAGE
[2025-12-18 01:43:16.269] [instrument] [debug] [MockDMM1] [MockDMM1-2] Command executed: success=true
[2025-12-18 01:43:16.269] [instrument] [debug] [MockDMM1] [MockDMM1-3] Received command: MEASURE_VOLTAGE
[2025-12-18 01:43:16.269] [instrument] [debug] [MockDMM1] [MockDMM1-3] Command executed: success=true
[2025-12-18 01:43:16.269] [instrument] [debug] [MockDMM1] [MockDMM1-4] Received command: MEASURE_VOLTAGE
[2025-12-18 01:43:16.269] [instrument] [debug] [MockDMM1] [MockDMM1-4] Command executed: success=true
[2025-12-18 01:43:16.269] [instrument] [debug] [MockDMM1] [MockDMM1-5] Received command: MEASURE_VOLTAGE
[2025-12-18 01:43:16.269] [instrument] [debug] [MockDMM1] [MockDMM1-5] Command executed: success=true
[2025-12-18 01:43:16.269] [instrument] [info] [MockDMM1] [WORKER_MAIN] Received shutdown message
[2025-12-18 01:43:16.269] [instrument] [info] [MockDMM1] [WORKER_MAIN] Shutting down worker
[2025-12-18 01:43:16.269] [instrument] [info] [PLUGIN] [SHUTDOWN] Shutting down plugin:  /tmp/mock_visa_plugin.so
[2025-12-18 01:43:16.269] [instrument] [info] [PLUGIN] [SHUTDOWN] Shutting down plugin:  /tmp/mock_visa_plugin.so
[2025-12-18 01:43:50.277] [instrument] [info] [MockDMM1] [WORKER_MAIN] Starting worker for instrument: MockDMM1
[2025-12-18 01:43:50.277] [instrument] [info] [MockDMM1] [WORKER_MAIN] Plugin path: /tmp/mock_visa_plugin.so
[2025-12-18 01:43:50.277] [instrument] [info] [PLUGIN] [LOAD] Loading plugin: /tmp/mock_visa_plugin.so
[2025-12-18 01:43:50.277] [instrument] [info] [PLUGIN] [LOAD] Plugin loaded successfully:  /tmp/mock_visa_plugin.so
[2025-12-18 01:43:50.277] [instrument] [info] [MockDMM1] [WORKER_MAIN] Loaded plugin: Mock VISA v1.0.0
[2025-12-18 01:43:50.277] [instrument] [info] [IPC] [QUEUE_OPEN] Opened queues for instrument: MockDMM1
[2025-12-18 01:43:50.277] [instrument] [info] [MockDMM1] [WORKER_MAIN] IPC queues opened
[2025-12-18 01:43:50.277] [instrument] [info] [PLUGIN] [INIT] Initializing plugin for instrument: MockDMM1
[2025-12-18 01:43:50.277] [instrument] [info] [MockDMM1] [WORKER_MAIN] Plugin initialized, entering main loop
[2025-12-18 01:43:51.276] [instrument] [debug] [MockDMM1] [MockDMM1-1] Received command: UNKNOWN_COMMAND
[2025-12-18 01:43:51.276] [instrument] [debug] [MockDMM1] [MockDMM1-1] Command executed: success=false
[2025-12-18 01:43:51.276] [instrument] [info] [MockDMM1] [WORKER_MAIN] Received shutdown message
[2025-12-18 01:43:51.276] [instrument] [info] [MockDMM1] [WORKER_MAIN] Shutting down worker
[2025-12-18 01:43:51.276] [instrument] [info] [PLUGIN] [SHUTDOWN] Shutting down plugin:  /tmp/mock_visa_plugin.so
[2025-12-18 01:43:51.277] [instrument] [info] [PLUGIN] [SHUTDOWN] Shutting down plugin:  /tmp/mock_visa_plugin.so
[2025-12-18 01:44:03.559] [instrument] [info] [MockDMM1] [WORKER_MAIN] Starting worker for instrument: MockDMM1
[2025-12-18 01:44:03.559] [instrument] [info] [MockDMM1] [WORKER_MAIN] Plugin path: /tmp/mock_visa_plugin.so
[2025-12-18 01:44:03.559] [instrument] [info] [PLUGIN] [LOAD] Loading plugin: /tmp/mock_visa_plugin.so
[2025-12-18 01:44:03.559] [instrument] [info] [PLUGIN] [LOAD] Plugin loaded successfully:  /tmp/mock_visa_plugin.so
[2025-12-18 01:44:03.559] [instrument] [info] [MockDMM1] [WORKER_MAIN] Loaded plugin: Mock VISA v1.0.0
[2025-12-18 01:44:03.559] [instrument] [info] [IPC] [QUEUE_OPEN] Opened queues for instrument: MockDMM1
[2025-12-18 01:44:03.559] [instrument] [info] [MockDMM1] [WORKER_MAIN] IPC queues opened
[2025-12-18 01:44:03.559] [instrument] [info] [PLUGIN] [INIT] Initializing plugin for instrument: MockDMM1
[2025-12-18 01:44:03.559] [instrument] [info] [MockDMM1] [WORKER_MAIN] Plugin initialized, entering main loop
[2025-12-18 01:44:04.558] [instrument] [debug] [MockDMM1] [MockDMM1-1] Received command: MEASURE_VOLTAGE
[2025-12-18 01:44:04.558] [instrument] [debug] [MockDMM1] [MockDMM1-1] Command executed: success=true
[2025-12-18 01:44:04.559] [instrument] [debug] [MockDMM1] [MockDMM1-2] Received command: MEASURE_VOLTAGE
[2025-12-18 01:44:04.559] [instrument] [debug] [MockDMM1] [MockDMM1-2] Command executed: success=true
[2025-12-18 01:44:04.559] [instrument] [debug] [MockDMM1] [MockDMM1-3] Received command: MEASURE_VOLTAGE
[2025-12-18 01:44:04.559] [instrument] [debug] [MockDMM1] [MockDMM1-3] Command executed: success=true
[2025-12-18 01:44:04.559] [instrument] [debug] [MockDMM1] [MockDMM1-4] Received command: MEASURE_VOLTAGE
[2025-12-18 01:44:04.559] [instrument] [debug] [MockDMM1] [MockDMM1-4] Command executed: success=true
[2025-12-18 01:44:04.559] [instrument] [debug] [MockDMM1] [MockDMM1-5] Received command: MEASURE_VOLTAGE
[2025-12-18 01:44:04.559] [instrument] [debug] [MockDMM1] [MockDMM1-5] Command executed: success=true
[2025-12-18 01:44:04.560] [instrument] [info] [MockDMM1] [WORKER_MAIN] Received shutdown message
[2025-12-18 01:44:04.560] [instrument] [info] [MockDMM1] [WORKER_MAIN] Shutting down worker
[2025-12-18 01:44:04.560] [instrument] [info] [PLUGIN] [SHUTDOWN] Shutting down plugin:  /tmp/mock_visa_plugin.so
[2025-12-18 01:44:04.560] [instrument] [info] [PLUGIN] [SHUTDOWN] Shutting down plugin:  /tmp/mock_visa_plugin.so
[2025-12-18 01:43:30.244] [instrument] [info] [MockDMM1] [WORKER_MAIN] Starting worker for instrument: MockDMM1
[2025-12-18 01:43:30.244] [instrument] [info] [MockDMM1] [WORKER_MAIN] Plugin path: /tmp/mock_visa_plugin.so
[2025-12-18 01:43:30.244] [instrument] [info] [PLUGIN] [LOAD] Loading plugin: /tmp/mock_visa_plugin.so
[2025-12-18 01:43:30.245] [instrument] [info] [PLUGIN] [LOAD] Plugin loaded successfully:  /tmp/mock_visa_plugin.so
[2025-12-18 01:43:30.245] [instrument] [info] [MockDMM1] [WORKER_MAIN] Loaded plugin: Mock VISA v1.0.0
[2025-12-18 01:43:30.245] [instrument] [info] [IPC] [QUEUE_OPEN] Opened queues for instrument: MockDMM1
[2025-12-18 01:43:30.245] [instrument] [info] [MockDMM1] [WORKER_MAIN] IPC queues opened
[2025-12-18 01:43:30.245] [instrument] [info] [PLUGIN] [INIT] Initializing plugin for instrument: MockDMM1
[2025-12-18 01:43:30.245] [instrument] [info] [MockDMM1] [WORKER_MAIN] Plugin initialized, entering main loop
[2025-12-18 01:45:11.356] [instrument] [warning] [IPC] [SEND_TIMEOUT] Send timeout on queue: instrument_MockDMM1_req
[2025-12-18 01:45:12.457] [instrument] [warning] [IPC] [SEND_TIMEOUT] Send timeout on queue: instrument_MockDMM1_req
[2025-12-18 01:45:13.557] [instrument] [warning] [IPC] [SEND_TIMEOUT] Send timeout on queue: instrument_MockDMM1_req
[2025-12-18 01:45:14.657] [instrument] [warning] [IPC] [SEND_TIMEOUT] Send timeout on queue: instrument_MockDMM1_req
[2025-12-18 01:45:15.757] [instrument] [warning] [IPC] [SEND_TIMEOUT] Send timeout on queue: instrument_MockDMM1_req
[2025-12-18 01:45:16.858] [instrument] [warning] [IPC] [SEND_TIMEOUT] Send timeout on queue: instrument_MockDMM1_req
[2025-12-18 01:45:17.958] [instrument] [warning] [IPC] [SEND_TIMEOUT] Send timeout on queue: instrument_MockDMM1_req
[2025-12-18 01:45:19.058] [instrument] [warning] [IPC] [SEND_TIMEOUT] Send timeout on queue: instrument_MockDMM1_req
[2025-12-18 01:45:20.158] [instrument] [warning] [IPC] [SEND_TIMEOUT] Send timeout on queue: instrument_MockDMM1_req
[2025-12-18 01:45:21.258] [instrument] [warning] [IPC] [SEND_TIMEOUT] Send timeout on queue: instrument_MockDMM1_req
[2025-12-18 01:45:22.359] [instrument] [warning] [IPC] [SEND_TIMEOUT] Send timeout on queue: instrument_MockDMM1_req
[2025-12-18 01:45:23.459] [instrument] [warning] [IPC] [SEND_TIMEOUT] Send timeout on queue: instrument_MockDMM1_req
[2025-12-18 01:45:24.559] [instrument] [warning] [IPC] [SEND_TIMEOUT] Send timeout on queue: instrument_MockDMM1_req
[2025-12-18 01:45:25.659] [instrument] [warning] [IPC] [SEND_TIMEOUT] Send timeout on queue: instrument_MockDMM1_req
[2025-12-18 01:45:26.759] [instrument] [warning] [IPC] [SEND_TIMEOUT] Send timeout on queue: instrument_MockDMM1_req
[2025-12-18 01:45:27.859] [instrument] [warning] [IPC] [SEND_TIMEOUT] Send timeout on queue: instrument_MockDMM1_req
[2025-12-18 01:45:28.960] [instrument] [warning] [IPC] [SEND_TIMEOUT] Send timeout on queue: instrument_MockDMM1_req
[2025-12-18 01:45:30.060] [instrument] [warning] [IPC] [SEND_TIMEOUT] Send timeout on queue: instrument_MockDMM1_req
[2025-12-18 01:45:31.160] [instrument] [warning] [IPC] [SEND_TIMEOUT] Send timeout on queue: instrument_MockDMM1_req
[2025-12-18 01:45:32.260] [instrument] [warning] [IPC] [SEND_TIMEOUT] Send timeout on queue: instrument_MockDMM1_req
[2025-12-18 01:45:33.360] [instrument] [warning] [IPC] [SEND_TIMEOUT] Send timeout on queue: instrument_MockDMM1_req
[2025-12-18 01:45:34.461] [instrument] [warning] [IPC] [SEND_TIMEOUT] Send timeout on queue: instrument_MockDMM1_req
[2025-12-18 01:45:35.561] [instrument] [warning] [IPC] [SEND_TIMEOUT] Send timeout on queue: instrument_MockDMM1_req
[2025-12-18 01:45:36.661] [instrument] [warning] [IPC] [SEND_TIMEOUT] Send timeout on queue: instrument_MockDMM1_req
[2025-12-18 01:45:37.761] [instrument] [warning] [IPC] [SEND_TIMEOUT] Send timeout on queue: instrument_MockDMM1_req
[2025-12-18 01:45:38.862] [instrument] [warning] [IPC] [SEND_TIMEOUT] Send timeout on queue: instrument_MockDMM1_req
[2025-12-18 01:45:39.962] [instrument] [warning] [IPC] [SEND_TIMEOUT] Send timeout on queue: instrument_MockDMM1_req
[2025-12-18 01:45:41.062] [instrument] [warning] [IPC] [SEND_TIMEOUT] Send timeout on queue: instrument_MockDMM1_req
[2025-12-18 01:45:42.162] [instrument] [warning] [IPC] [SEND_TIMEOUT] Send timeout on queue: instrument_MockDMM1_req
[2025-12-18 01:45:43.263] [instrument] [warning] [IPC] [SEND_TIMEOUT] Send timeout on queue: instrument_MockDMM1_req
[2025-12-18 01:45:44.363] [instrument] [warning] [IPC] [SEND_TIMEOUT] Send timeout on queue: instrument_MockDMM1_req
[2025-12-18 01:45:45.463] [instrument] [warning] [IPC] [SEND_TIMEOUT] Send timeout on queue: instrument_MockDMM1_req
[2025-12-18 01:45:46.563] [instrument] [warning] [IPC] [SEND_TIMEOUT] Send timeout on queue: instrument_MockDMM1_req
[2025-12-18 01:45:47.663] [instrument] [warning] [IPC] [SEND_TIMEOUT] Send timeout on queue: instrument_MockDMM1_req
[2025-12-18 01:45:48.764] [instrument] [warning] [IPC] [SEND_TIMEOUT] Send timeout on queue: instrument_MockDMM1_req
[2025-12-18 01:45:49.864] [instrument] [warning] [IPC] [SEND_TIMEOUT] Send timeout on queue: instrument_MockDMM1_req
[2025-12-18 01:45:50.964] [instrument] [warning] [IPC] [SEND_TIMEOUT] Send timeout on queue: instrument_MockDMM1_req
[2025-12-18 01:45:52.064] [instrument] [warning] [IPC] [SEND_TIMEOUT] Send timeout on queue: instrument_MockDMM1_req
[2025-12-18 01:45:53.164] [instrument] [warning] [IPC] [SEND_TIMEOUT] Send timeout on queue: instrument_MockDMM1_req
[2025-12-18 01:45:54.265] [instrument] [warning] [IPC] [SEND_TIMEOUT] Send timeout on queue: instrument_MockDMM1_req
[2025-12-18 01:45:55.365] [instrument] [warning] [IPC] [SEND_TIMEOUT] Send timeout on queue: instrument_MockDMM1_req
[2025-12-18 01:45:56.465] [instrument] [warning] [IPC] [SEND_TIMEOUT] Send timeout on queue: instrument_MockDMM1_req
[2025-12-18 01:45:57.565] [instrument] [warning] [IPC] [SEND_TIMEOUT] Send timeout on queue: instrument_MockDMM1_req
[2025-12-18 01:45:58.666] [instrument] [warning] [IPC] [SEND_TIMEOUT] Send timeout on queue: instrument_MockDMM1_req
[2025-12-18 01:44:18.291] [instrument] [info] [MockDMM1] [WORKER_MAIN] Starting worker for instrument: MockDMM1
[2025-12-18 01:44:18.291] [instrument] [info] [MockDMM1] [WORKER_MAIN] Plugin path: /tmp/mock_visa_plugin.so
[2025-12-18 01:44:18.291] [instrument] [info] [PLUGIN] [LOAD] Loading plugin: /tmp/mock_visa_plugin.so
[2025-12-18 01:44:18.291] [instrument] [info] [PLUGIN] [LOAD] Plugin loaded successfully:  /tmp/mock_visa_plugin.so
[2025-12-18 01:44:18.291] [instrument] [info] [MockDMM1] [WORKER_MAIN] Loaded plugin: Mock VISA v1.0.0
[2025-12-18 01:44:18.291] [instrument] [info] [IPC] [QUEUE_OPEN] Opened queues for instrument: MockDMM1
[2025-12-18 01:44:18.291] [instrument] [info] [MockDMM1] [WORKER_MAIN] IPC queues opened
[2025-12-18 01:44:18.291] [instrument] [info] [PLUGIN] [INIT] Initializing plugin for instrument: MockDMM1
[2025-12-18 01:44:18.291] [instrument] [info] [MockDMM1] [WORKER_MAIN] Plugin initialized, entering main loop
[2025-12-18 01:45:59.402] [instrument] [warning] [IPC] [SEND_TIMEOUT] Send timeout on queue: instrument_MockDMM1_req
[2025-12-18 01:45:59.766] [instrument] [warning] [IPC] [SEND_TIMEOUT] Send timeout on queue: instrument_MockDMM1_req
[2025-12-18 01:46:00.503] [instrument] [warning] [IPC] [SEND_TIMEOUT] Send timeout on queue: instrument_MockDMM1_req
[2025-12-18 01:46:00.866] [instrument] [warning] [IPC] [SEND_TIMEOUT] Send timeout on queue: instrument_MockDMM1_req
[2025-12-18 01:46:01.603] [instrument] [warning] [IPC] [SEND_TIMEOUT] Send timeout on queue: instrument_MockDMM1_req
[2025-12-18 01:46:01.966] [instrument] [warning] [IPC] [SEND_TIMEOUT] Send timeout on queue: instrument_MockDMM1_req
[2025-12-18 01:46:02.703] [instrument] [warning] [IPC] [SEND_TIMEOUT] Send timeout on queue: instrument_MockDMM1_req
[2025-12-18 01:46:03.066] [instrument] [warning] [IPC] [SEND_TIMEOUT] Send timeout on queue: instrument_MockDMM1_req
[2025-12-18 01:46:03.803] [instrument] [warning] [IPC] [SEND_TIMEOUT] Send timeout on queue: instrument_MockDMM1_req
[2025-12-18 01:46:04.167] [instrument] [warning] [IPC] [SEND_TIMEOUT] Send timeout on queue: instrument_MockDMM1_req
[2025-12-18 01:46:04.903] [instrument] [warning] [IPC] [SEND_TIMEOUT] Send timeout on queue: instrument_MockDMM1_req
[2025-12-18 01:46:05.267] [instrument] [warning] [IPC] [SEND_TIMEOUT] Send timeout on queue: instrument_MockDMM1_req
[2025-12-18 01:46:06.004] [instrument] [warning] [IPC] [SEND_TIMEOUT] Send timeout on queue: instrument_MockDMM1_req
[2025-12-18 01:46:06.367] [instrument] [warning] [IPC] [SEND_TIMEOUT] Send timeout on queue: instrument_MockDMM1_req
[2025-12-18 01:46:07.104] [instrument] [warning] [IPC] [SEND_TIMEOUT] Send timeout on queue: instrument_MockDMM1_req
[2025-12-18 01:46:07.467] [instrument] [warning] [IPC] [SEND_TIMEOUT] Send timeout on queue: instrument_MockDMM1_req
[2025-12-18 01:46:08.204] [instrument] [warning] [IPC] [SEND_TIMEOUT] Send timeout on queue: instrument_MockDMM1_req
[2025-12-18 01:46:08.567] [instrument] [warning] [IPC] [SEND_TIMEOUT] Send timeout on queue: instrument_MockDMM1_req
[2025-12-18 01:46:09.304] [instrument] [warning] [IPC] [SEND_TIMEOUT] Send timeout on queue: instrument_MockDMM1_req
[2025-12-18 01:46:09.668] [instrument] [warning] [IPC] [SEND_TIMEOUT] Send timeout on queue: instrument_MockDMM1_req
[2025-12-18 01:46:10.404] [instrument] [warning] [IPC] [SEND_TIMEOUT] Send timeout on queue: instrument_MockDMM1_req
[2025-12-18 01:46:10.768] [instrument] [warning] [IPC] [SEND_TIMEOUT] Send timeout on queue: instrument_MockDMM1_req
[2025-12-18 01:46:11.505] [instrument] [warning] [IPC] [SEND_TIMEOUT] Send timeout on queue: instrument_MockDMM1_req
[2025-12-18 01:46:11.868] [instrument] [warning] [IPC] [SEND_TIMEOUT] Send timeout on queue: instrument_MockDMM1_req
[2025-12-18 01:46:12.605] [instrument] [warning] [IPC] [SEND_TIMEOUT] Send timeout on queue: instrument_MockDMM1_req
[2025-12-18 01:46:12.968] [instrument] [warning] [IPC] [SEND_TIMEOUT] Send timeout on queue: instrument_MockDMM1_req
[2025-12-18 01:46:13.705] [instrument] [warning] [IPC] [SEND_TIMEOUT] Send timeout on queue: instrument_MockDMM1_req
[2025-12-18 01:46:14.069] [instrument] [warning] [IPC] [SEND_TIMEOUT] Send timeout on queue: instrument_MockDMM1_req
[2025-12-18 01:46:14.805] [instrument] [warning] [IPC] [SEND_TIMEOUT] Send timeout on queue: instrument_MockDMM1_req
[2025-12-18 01:46:15.169] [instrument] [warning] [IPC] [SEND_TIMEOUT] Send timeout on queue: instrument_MockDMM1_req
[2025-12-18 01:46:15.906] [instrument] [warning] [IPC] [SEND_TIMEOUT] Send timeout on queue: instrument_MockDMM1_req
[2025-12-18 01:46:16.269] [instrument] [warning] [IPC] [SEND_TIMEOUT] Send timeout on queue: instrument_MockDMM1_req
[2025-12-18 01:46:17.006] [instrument] [warning] [IPC] [SEND_TIMEOUT] Send timeout on queue: instrument_MockDMM1_req
[2025-12-18 01:46:17.369] [instrument] [warning] [IPC] [SEND_TIMEOUT] Send timeout on queue: instrument_MockDMM1_req
[2025-12-18 01:46:18.106] [instrument] [warning] [IPC] [SEND_TIMEOUT] Send timeout on queue: instrument_MockDMM1_req
[2025-12-18 01:46:18.469] [instrument] [warning] [IPC] [SEND_TIMEOUT] Send timeout on queue: instrument_MockDMM1_req
[2025-12-18 01:46:19.206] [instrument] [warning] [IPC] [SEND_TIMEOUT] Send timeout on queue: instrument_MockDMM1_req
[2025-12-18 01:46:19.570] [instrument] [warning] [IPC] [SEND_TIMEOUT] Send timeout on queue: instrument_MockDMM1_req
[2025-12-18 01:46:20.306] [instrument] [warning] [IPC] [SEND_TIMEOUT] Send timeout on queue: instrument_MockDMM1_req
[2025-12-18 01:46:20.670] [instrument] [warning] [IPC] [SEND_TIMEOUT] Send timeout on queue: instrument_MockDMM1_req
[2025-12-18 01:46:21.407] [instrument] [warning] [IPC] [SEND_TIMEOUT] Send timeout on queue: instrument_MockDMM1_req
[2025-12-18 01:46:21.770] [instrument] [warning] [IPC] [SEND_TIMEOUT] Send timeout on queue: instrument_MockDMM1_req
[2025-12-18 01:46:22.507] [instrument] [warning] [IPC] [SEND_TIMEOUT] Send timeout on queue: instrument_MockDMM1_req
[2025-12-18 01:46:22.870] [instrument] [warning] [IPC] [SEND_TIMEOUT] Send timeout on queue: instrument_MockDMM1_req
[2025-12-18 01:46:23.607] [instrument] [warning] [IPC] [SEND_TIMEOUT] Send timeout on queue: instrument_MockDMM1_req
[2025-12-18 01:46:23.970] [instrument] [warning] [IPC] [SEND_TIMEOUT] Send timeout on queue: instrument_MockDMM1_req
[2025-12-18 01:46:24.707] [instrument] [warning] [IPC] [SEND_TIMEOUT] Send timeout on queue: instrument_MockDMM1_req
[2025-12-18 01:46:25.071] [instrument] [warning] [IPC] [SEND_TIMEOUT] Send timeout on queue: instrument_MockDMM1_req
[2025-12-18 01:46:25.807] [instrument] [warning] [IPC] [SEND_TIMEOUT] Send timeout on queue: instrument_MockDMM1_req
[2025-12-18 01:46:26.171] [instrument] [warning] [IPC] [SEND_TIMEOUT] Send timeout on queue: instrument_MockDMM1_req
[2025-12-18 01:46:26.908] [instrument] [warning] [IPC] [SEND_TIMEOUT] Send timeout on queue: instrument_MockDMM1_req
[2025-12-18 01:46:27.271] [instrument] [warning] [IPC] [SEND_TIMEOUT] Send timeout on queue: instrument_MockDMM1_req
[2025-12-18 01:46:28.008] [instrument] [warning] [IPC] [SEND_TIMEOUT] Send timeout on queue: instrument_MockDMM1_req
[2025-12-18 01:46:28.371] [instrument] [warning] [IPC] [SEND_TIMEOUT] Send timeout on queue: instrument_MockDMM1_req
[2025-12-18 01:46:29.108] [instrument] [warning] [IPC] [SEND_TIMEOUT] Send timeout on queue: instrument_MockDMM1_req
[2025-12-18 01:46:29.471] [instrument] [warning] [IPC] [SEND_TIMEOUT] Send timeout on queue: instrument_MockDMM1_req
[2025-12-18 01:46:30.208] [instrument] [warning] [IPC] [SEND_TIMEOUT] Send timeout on queue: instrument_MockDMM1_req
[2025-12-18 01:46:30.572] [instrument] [warning] [IPC] [SEND_TIMEOUT] Send timeout on queue: instrument_MockDMM1_req
[2025-12-18 01:46:31.308] [instrument] [warning] [IPC] [SEND_TIMEOUT] Send timeout on queue: instrument_MockDMM1_req
[2025-12-18 01:46:31.672] [instrument] [warning] [IPC] [SEND_TIMEOUT] Send timeout on queue: instrument_MockDMM1_req
[2025-12-18 01:46:32.409] [instrument] [warning] [IPC] [SEND_TIMEOUT] Send timeout on queue: instrument_MockDMM1_req
[2025-12-18 01:46:32.772] [instrument] [warning] [IPC] [SEND_TIMEOUT] Send timeout on queue: instrument_MockDMM1_req
[2025-12-18 01:46:33.509] [instrument] [warning] [IPC] [SEND_TIMEOUT] Send timeout on queue: instrument_MockDMM1_req
[2025-12-18 01:46:33.872] [instrument] [warning] [IPC] [SEND_TIMEOUT] Send timeout on queue: instrument_MockDMM1_req
[2025-12-18 01:46:34.609] [instrument] [warning] [IPC] [SEND_TIMEOUT] Send timeout on queue: instrument_MockDMM1_req
[2025-12-18 01:46:34.972] [instrument] [warning] [IPC] [SEND_TIMEOUT] Send timeout on queue: instrument_MockDMM1_req
[2025-12-18 01:46:35.709] [instrument] [warning] [IPC] [SEND_TIMEOUT] Send timeout on queue: instrument_MockDMM1_req
[2025-12-18 01:46:36.072] [instrument] [warning] [IPC] [SEND_TIMEOUT] Send timeout on queue: instrument_MockDMM1_req
[2025-12-18 01:46:36.809] [instrument] [warning] [IPC] [SEND_TIMEOUT] Send timeout on queue: instrument_MockDMM1_req
[2025-12-18 01:46:37.173] [instrument] [warning] [IPC] [SEND_TIMEOUT] Send timeout on queue: instrument_MockDMM1_req
[2025-12-18 01:46:37.910] [instrument] [warning] [IPC] [SEND_TIMEOUT] Send timeout on queue: instrument_MockDMM1_req
[2025-12-18 01:46:38.273] [instrument] [warning] [IPC] [SEND_TIMEOUT] Send timeout on queue: instrument_MockDMM1_req
[2025-12-18 01:46:39.010] [instrument] [warning] [IPC] [SEND_TIMEOUT] Send timeout on queue: instrument_MockDMM1_req
[2025-12-18 01:46:39.373] [instrument] [warning] [IPC] [SEND_TIMEOUT] Send timeout on queue: instrument_MockDMM1_req
[2025-12-18 01:46:40.110] [instrument] [warning] [IPC] [SEND_TIMEOUT] Send timeout on queue: instrument_MockDMM1_req
[2025-12-18 01:46:40.473] [instrument] [warning] [IPC] [SEND_TIMEOUT] Send timeout on queue: instrument_MockDMM1_req
[2025-12-18 01:46:41.210] [instrument] [warning] [IPC] [SEND_TIMEOUT] Send timeout on queue: instrument_MockDMM1_req
[2025-12-18 01:46:41.573] [instrument] [warning] [IPC] [SEND_TIMEOUT] Send timeout on queue: instrument_MockDMM1_req
[2025-12-18 01:46:42.311] [instrument] [warning] [IPC] [SEND_TIMEOUT] Send timeout on queue: instrument_MockDMM1_req
[2025-12-18 01:46:42.674] [instrument] [warning] [IPC] [SEND_TIMEOUT] Send timeout on queue: instrument_MockDMM1_req
[2025-12-18 01:46:43.411] [instrument] [warning] [IPC] [SEND_TIMEOUT] Send timeout on queue: instrument_MockDMM1_req
[2025-12-18 01:46:43.774] [instrument] [warning] [IPC] [SEND_TIMEOUT] Send timeout on queue: instrument_MockDMM1_req
[2025-12-18 01:46:44.511] [instrument] [warning] [IPC] [SEND_TIMEOUT] Send timeout on queue: instrument_MockDMM1_req
[2025-12-18 01:46:44.874] [instrument] [warning] [IPC] [SEND_TIMEOUT] Send timeout on queue: instrument_MockDMM1_req
[2025-12-18 01:46:45.611] [instrument] [warning] [IPC] [SEND_TIMEOUT] Send timeout on queue: instrument_MockDMM1_req
[2025-12-18 01:46:45.974] [instrument] [warning] [IPC] [SEND_TIMEOUT] Send timeout on queue: instrument_MockDMM1_req
[2025-12-18 01:46:46.711] [instrument] [warning] [IPC] [SEND_TIMEOUT] Send timeout on queue: instrument_MockDMM1_req
[2025-12-18 01:46:47.074] [instrument] [warning] [IPC] [SEND_TIMEOUT] Send timeout on queue: instrument_MockDMM1_req
[2025-12-18 01:46:47.812] [instrument] [warning] [IPC] [SEND_TIMEOUT] Send timeout on queue: instrument_MockDMM1_req
[2025-12-18 01:46:48.175] [instrument] [warning] [IPC] [SEND_TIMEOUT] Send timeout on queue: instrument_MockDMM1_req
[2025-12-18 01:46:48.912] [instrument] [warning] [IPC] [SEND_TIMEOUT] Send timeout on queue: instrument_MockDMM1_req
[2025-12-18 01:46:49.275] [instrument] [warning] [IPC] [SEND_TIMEOUT] Send timeout on queue: instrument_MockDMM1_req
[2025-12-18 01:46:50.012] [instrument] [warning] [IPC] [SEND_TIMEOUT] Send timeout on queue: instrument_MockDMM1_req
[2025-12-18 01:46:50.375] [instrument] [warning] [IPC] [SEND_TIMEOUT] Send timeout on queue: instrument_MockDMM1_req
[2025-12-18 01:46:51.112] [instrument] [warning] [IPC] [SEND_TIMEOUT] Send timeout on queue: instrument_MockDMM1_req
[2025-12-18 01:46:51.475] [instrument] [warning] [IPC] [SEND_TIMEOUT] Send timeout on queue: instrument_MockDMM1_req
[2025-12-18 01:46:52.212] [instrument] [warning] [IPC] [SEND_TIMEOUT] Send timeout on queue: instrument_MockDMM1_req
[2025-12-18 01:46:52.575] [instrument] [warning] [IPC] [SEND_TIMEOUT] Send timeout on queue: instrument_MockDMM1_req
[2025-12-18 01:46:53.313] [instrument] [warning] [IPC] [SEND_TIMEOUT] Send timeout on queue: instrument_MockDMM1_req
[2025-12-18 01:46:53.675] [instrument] [warning] [IPC] [SEND_TIMEOUT] Send timeout on queue: instrument_MockDMM1_req
[2025-12-18 01:46:54.413] [instrument] [warning] [IPC] [SEND_TIMEOUT] Send timeout on queue: instrument_MockDMM1_req
[2025-12-18 01:46:54.776] [instrument] [warning] [IPC] [SEND_TIMEOUT] Send timeout on queue: instrument_MockDMM1_req
[2025-12-18 01:46:55.513] [instrument] [warning] [IPC] [SEND_TIMEOUT] Send timeout on queue: instrument_MockDMM1_req
[2025-12-18 01:46:55.876] [instrument] [warning] [IPC] [SEND_TIMEOUT] Send timeout on queue: instrument_MockDMM1_req
[2025-12-18 01:46:56.613] [instrument] [warning] [IPC] [SEND_TIMEOUT] Send timeout on queue: instrument_MockDMM1_req
[2025-12-18 01:46:56.976] [instrument] [warning] [IPC] [SEND_TIMEOUT] Send timeout on queue: instrument_MockDMM1_req
[2025-12-18 01:46:57.713] [instrument] [warning] [IPC] [SEND_TIMEOUT] Send timeout on queue: instrument_MockDMM1_req
[2025-12-18 01:46:58.076] [instrument] [warning] [IPC] [SEND_TIMEOUT] Send timeout on queue: instrument_MockDMM1_req
[2025-12-18 01:46:58.814] [instrument] [warning] [IPC] [SEND_TIMEOUT] Send timeout on queue: instrument_MockDMM1_req
[2025-12-18 01:46:59.177] [instrument] [warning] [IPC] [SEND_TIMEOUT] Send timeout on queue: instrument_MockDMM1_req
[2025-12-18 01:46:59.914] [instrument] [warning] [IPC] [SEND_TIMEOUT] Send timeout on queue: instrument_MockDMM1_req
[2025-12-18 01:47:00.277] [instrument] [warning] [IPC] [SEND_TIMEOUT] Send timeout on queue: instrument_MockDMM1_req
[2025-12-18 01:47:01.014] [instrument] [warning] [IPC] [SEND_TIMEOUT] Send timeout on queue: instrument_MockDMM1_req
[2025-12-18 01:47:01.377] [instrument] [warning] [IPC] [SEND_TIMEOUT] Send timeout on queue: instrument_MockDMM1_req
[2025-12-18 01:47:02.114] [instrument] [warning] [IPC] [SEND_TIMEOUT] Send timeout on queue: instrument_MockDMM1_req
[2025-12-18 01:47:02.477] [instrument] [warning] [IPC] [SEND_TIMEOUT] Send timeout on queue: instrument_MockDMM1_req
[2025-12-18 01:47:03.215] [instrument] [warning] [IPC] [SEND_TIMEOUT] Send timeout on queue: instrument_MockDMM1_req
[2025-12-18 01:47:03.577] [instrument] [warning] [IPC] [SEND_TIMEOUT] Send timeout on queue: instrument_MockDMM1_req
[2025-12-18 01:47:04.315] [instrument] [warning] [IPC] [SEND_TIMEOUT] Send timeout on queue: instrument_MockDMM1_req
[2025-12-18 01:47:04.678] [instrument] [warning] [IPC] [SEND_TIMEOUT] Send timeout on queue: instrument_MockDMM1_req
[2025-12-18 01:47:05.415] [instrument] [warning] [IPC] [SEND_TIMEOUT] Send timeout on queue: instrument_MockDMM1_req
[2025-12-18 01:47:05.778] [instrument] [warning] [IPC] [SEND_TIMEOUT] Send timeout on queue: instrument_MockDMM1_req
[2025-12-18 01:47:06.515] [instrument] [warning] [IPC] [SEND_TIMEOUT] Send timeout on queue: instrument_MockDMM1_req
[2025-12-18 01:47:06.878] [instrument] [warning] [IPC] [SEND_TIMEOUT] Send timeout on queue: instrument_MockDMM1_req
[2025-12-18 01:47:07.615] [instrument] [warning] [IPC] [SEND_TIMEOUT] Send timeout on queue: instrument_MockDMM1_req
[2025-12-18 01:47:07.978] [instrument] [warning] [IPC] [SEND_TIMEOUT] Send timeout on queue: instrument_MockDMM1_req
[2025-12-18 01:47:08.716] [instrument] [warning] [IPC] [SEND_TIMEOUT] Send timeout on queue: instrument_MockDMM1_req
[2025-12-18 01:47:09.079] [instrument] [warning] [IPC] [SEND_TIMEOUT] Send timeout on queue: instrument_MockDMM1_req
[2025-12-18 01:47:09.816] [instrument] [warning] [IPC] [SEND_TIMEOUT] Send timeout on queue: instrument_MockDMM1_req
[2025-12-18 01:47:10.179] [instrument] [warning] [IPC] [SEND_TIMEOUT] Send timeout on queue: instrument_MockDMM1_req
[2025-12-18 01:47:10.916] [instrument] [warning] [IPC] [SEND_TIMEOUT] Send timeout on queue: instrument_MockDMM1_req
[2025-12-18 01:47:11.279] [instrument] [warning] [IPC] [SEND_TIMEOUT] Send timeout on queue: instrument_MockDMM1_req
[2025-12-18 01:47:12.016] [instrument] [warning] [IPC] [SEND_TIMEOUT] Send timeout on queue: instrument_MockDMM1_req
[2025-12-18 01:47:12.379] [instrument] [warning] [IPC] [SEND_TIMEOUT] Send timeout on queue: instrument_MockDMM1_req
[2025-12-18 01:47:13.116] [instrument] [warning] [IPC] [SEND_TIMEOUT] Send timeout on queue: instrument_MockDMM1_req
[2025-12-18 01:47:13.479] [instrument] [warning] [IPC] [SEND_TIMEOUT] Send timeout on queue: instrument_MockDMM1_req
[2025-12-18 01:47:14.217] [instrument] [warning] [IPC] [SEND_TIMEOUT] Send timeout on queue: instrument_MockDMM1_req
[2025-12-18 01:47:14.579] [instrument] [warning] [IPC] [SEND_TIMEOUT] Send timeout on queue: instrument_MockDMM1_req
[2025-12-18 01:47:15.317] [instrument] [warning] [IPC] [SEND_TIMEOUT] Send timeout on queue: instrument_MockDMM1_req
[2025-12-18 01:47:15.680] [instrument] [warning] [IPC] [SEND_TIMEOUT] Send timeout on queue: instrument_MockDMM1_req
[2025-12-18 01:47:16.417] [instrument] [warning] [IPC] [SEND_TIMEOUT] Send timeout on queue: instrument_MockDMM1_req
[2025-12-18 01:47:16.780] [instrument] [warning] [IPC] [SEND_TIMEOUT] Send timeout on queue: instrument_MockDMM1_req
[2025-12-18 01:47:17.517] [instrument] [warning] [IPC] [SEND_TIMEOUT] Send timeout on queue: instrument_MockDMM1_req
[2025-12-18 01:47:17.880] [instrument] [warning] [IPC] [SEND_TIMEOUT] Send timeout on queue: instrument_MockDMM1_req
[2025-12-18 01:47:18.617] [instrument] [warning] [IPC] [SEND_TIMEOUT] Send timeout on queue: instrument_MockDMM1_req
[2025-12-18 01:47:18.980] [instrument] [warning] [IPC] [SEND_TIMEOUT] Send timeout on queue: instrument_MockDMM1_req
[2025-12-18 01:47:19.718] [instrument] [warning] [IPC] [SEND_TIMEOUT] Send timeout on queue: instrument_MockDMM1_req
[2025-12-18 01:47:20.080] [instrument] [warning] [IPC] [SEND_TIMEOUT] Send timeout on queue: instrument_MockDMM1_req
[2025-12-18 01:47:20.818] [instrument] [warning] [IPC] [SEND_TIMEOUT] Send timeout on queue: instrument_MockDMM1_req
[2025-12-18 01:47:21.181] [instrument] [warning] [IPC] [SEND_TIMEOUT] Send timeout on queue: instrument_MockDMM1_req
[2025-12-18 01:47:21.918] [instrument] [warning] [IPC] [SEND_TIMEOUT] Send timeout on queue: instrument_MockDMM1_req
[2025-12-18 01:47:22.281] [instrument] [warning] [IPC] [SEND_TIMEOUT] Send timeout on queue: instrument_MockDMM1_req
[2025-12-18 01:47:23.018] [instrument] [warning] [IPC] [SEND_TIMEOUT] Send timeout on queue: instrument_MockDMM1_req
[2025-12-18 01:47:23.381] [instrument] [warning] [IPC] [SEND_TIMEOUT] Send timeout on queue: instrument_MockDMM1_req
[2025-12-18 01:47:24.119] [instrument] [warning] [IPC] [SEND_TIMEOUT] Send timeout on queue: instrument_MockDMM1_req
[2025-12-18 01:47:24.481] [instrument] [warning] [IPC] [SEND_TIMEOUT] Send timeout on queue: instrument_MockDMM1_req
[2025-12-18 01:47:25.219] [instrument] [warning] [IPC] [SEND_TIMEOUT] Send timeout on queue: instrument_MockDMM1_req
[2025-12-18 01:47:25.581] [instrument] [warning] [IPC] [SEND_TIMEOUT] Send timeout on queue: instrument_MockDMM1_req
[2025-12-18 01:47:26.319] [instrument] [warning] [IPC] [SEND_TIMEOUT] Send timeout on queue: instrument_MockDMM1_req
[2025-12-18 01:47:26.682] [instrument] [warning] [IPC] [SEND_TIMEOUT] Send timeout on queue: instrument_MockDMM1_req
[2025-12-18 01:47:27.419] [instrument] [warning] [IPC] [SEND_TIMEOUT] Send timeout on queue: instrument_MockDMM1_req
[2025-12-18 01:47:27.782] [instrument] [warning] [IPC] [SEND_TIMEOUT] Send timeout on queue: instrument_MockDMM1_req
[2025-12-18 01:47:28.519] [instrument] [warning] [IPC] [SEND_TIMEOUT] Send timeout on queue: instrument_MockDMM1_req
[2025-12-18 01:47:28.882] [instrument] [warning] [IPC] [SEND_TIMEOUT] Send timeout on queue: instrument_MockDMM1_req
[2025-12-18 01:47:29.620] [instrument] [warning] [IPC] [SEND_TIMEOUT] Send timeout on queue: instrument_MockDMM1_req
[2025-12-18 01:47:29.982] [instrument] [warning] [IPC] [SEND_TIMEOUT] Send timeout on queue: instrument_MockDMM1_req
[2025-12-18 01:47:30.720] [instrument] [warning] [IPC] [SEND_TIMEOUT] Send timeout on queue: instrument_MockDMM1_req
[2025-12-18 01:47:31.082] [instrument] [warning] [IPC] [SEND_TIMEOUT] Send timeout on queue: instrument_MockDMM1_req
[2025-12-18 01:47:31.820] [instrument] [warning] [IPC] [SEND_TIMEOUT] Send timeout on queue: instrument_MockDMM1_req
[2025-12-18 01:47:32.183] [instrument] [warning] [IPC] [SEND_TIMEOUT] Send timeout on queue: instrument_MockDMM1_req
[2025-12-18 01:47:32.920] [instrument] [warning] [IPC] [SEND_TIMEOUT] Send timeout on queue: instrument_MockDMM1_req
[2025-12-18 01:47:33.283] [instrument] [warning] [IPC] [SEND_TIMEOUT] Send timeout on queue: instrument_MockDMM1_req
[2025-12-18 01:47:34.020] [instrument] [warning] [IPC] [SEND_TIMEOUT] Send timeout on queue: instrument_MockDMM1_req
[2025-12-18 01:47:34.383] [instrument] [warning] [IPC] [SEND_TIMEOUT] Send timeout on queue: instrument_MockDMM1_req
[2025-12-18 01:47:35.120] [instrument] [warning] [IPC] [SEND_TIMEOUT] Send timeout on queue: instrument_MockDMM1_req
[2025-12-18 01:47:35.483] [instrument] [warning] [IPC] [SEND_TIMEOUT] Send timeout on queue: instrument_MockDMM1_req
[2025-12-18 01:47:36.221] [instrument] [warning] [IPC] [SEND_TIMEOUT] Send timeout on queue: instrument_MockDMM1_req
[2025-12-18 01:47:36.583] [instrument] [warning] [IPC] [SEND_TIMEOUT] Send timeout on queue: instrument_MockDMM1_req
[2025-12-18 01:47:37.321] [instrument] [warning] [IPC] [SEND_TIMEOUT] Send timeout on queue: instrument_MockDMM1_req
[2025-12-18 01:47:37.684] [instrument] [warning] [IPC] [SEND_TIMEOUT] Send timeout on queue: instrument_MockDMM1_req
[2025-12-18 01:47:38.421] [instrument] [warning] [IPC] [SEND_TIMEOUT] Send timeout on queue: instrument_MockDMM1_req
[2025-12-18 01:47:38.784] [instrument] [warning] [IPC] [SEND_TIMEOUT] Send timeout on queue: instrument_MockDMM1_req
[2025-12-18 01:47:39.521] [instrument] [warning] [IPC] [SEND_TIMEOUT] Send timeout on queue: instrument_MockDMM1_req
[2025-12-18 01:47:39.884] [instrument] [warning] [IPC] [SEND_TIMEOUT] Send timeout on queue: instrument_MockDMM1_req
[2025-12-18 01:47:40.621] [instrument] [warning] [IPC] [SEND_TIMEOUT] Send timeout on queue: instrument_MockDMM1_req
[2025-12-18 01:47:40.984] [instrument] [warning] [IPC] [SEND_TIMEOUT] Send timeout on queue: instrument_MockDMM1_req
[2025-12-18 01:47:41.722] [instrument] [warning] [IPC] [SEND_TIMEOUT] Send timeout on queue: instrument_MockDMM1_req
[2025-12-18 01:47:42.084] [instrument] [warning] [IPC] [SEND_TIMEOUT] Send timeout on queue: instrument_MockDMM1_req
[2025-12-18 01:47:42.822] [instrument] [warning] [IPC] [SEND_TIMEOUT] Send timeout on queue: instrument_MockDMM1_req
[2025-12-18 01:47:43.185] [instrument] [warning] [IPC] [SEND_TIMEOUT] Send timeout on queue: instrument_MockDMM1_req
[2025-12-18 01:47:43.922] [instrument] [warning] [IPC] [SEND_TIMEOUT] Send timeout on queue: instrument_MockDMM1_req
[2025-12-18 01:47:44.285] [instrument] [warning] [IPC] [SEND_TIMEOUT] Send timeout on queue: instrument_MockDMM1_req
[2025-12-18 01:47:45.022] [instrument] [warning] [IPC] [SEND_TIMEOUT] Send timeout on queue: instrument_MockDMM1_req
[2025-12-18 01:47:45.385] [instrument] [warning] [IPC] [SEND_TIMEOUT] Send timeout on queue: instrument_MockDMM1_req
[2025-12-18 01:47:46.122] [instrument] [warning] [IPC] [SEND_TIMEOUT] Send timeout on queue: instrument_MockDMM1_req
[2025-12-18 01:47:46.485] [instrument] [warning] [IPC] [SEND_TIMEOUT] Send timeout on queue: instrument_MockDMM1_req
[2025-12-18 01:47:47.223] [instrument] [warning] [IPC] [SEND_TIMEOUT] Send timeout on queue: instrument_MockDMM1_req
[2025-12-18 01:47:47.585] [instrument] [warning] [IPC] [SEND_TIMEOUT] Send timeout on queue: instrument_MockDMM1_req
[2025-12-18 01:47:48.323] [instrument] [warning] [IPC] [SEND_TIMEOUT] Send timeout on queue: instrument_MockDMM1_req
[2025-12-18 01:47:48.686] [instrument] [warning] [IPC] [SEND_TIMEOUT] Send timeout on queue: instrument_MockDMM1_req
[2025-12-18 01:47:49.423] [instrument] [warning] [IPC] [SEND_TIMEOUT] Send timeout on queue: instrument_MockDMM1_req
[2025-12-18 01:47:49.786] [instrument] [warning] [IPC] [SEND_TIMEOUT] Send timeout on queue: instrument_MockDMM1_req
[2025-12-18 01:47:50.523] [instrument] [warning] [IPC] [SEND_TIMEOUT] Send timeout on queue: instrument_MockDMM1_req
[2025-12-18 01:47:50.886] [instrument] [warning] [IPC] [SEND_TIMEOUT] Send timeout on queue: instrument_MockDMM1_req
[2025-12-18 01:47:51.623] [instrument] [warning] [IPC] [SEND_TIMEOUT] Send timeout on queue: instrument_MockDMM1_req
[2025-12-18 01:47:51.986] [instrument] [warning] [IPC] [SEND_TIMEOUT] Send timeout on queue: instrument_MockDMM1_req
[2025-12-18 01:47:52.724] [instrument] [warning] [IPC] [SEND_TIMEOUT] Send timeout on queue: instrument_MockDMM1_req
[2025-12-18 01:47:53.087] [instrument] [warning] [IPC] [SEND_TIMEOUT] Send timeout on queue: instrument_MockDMM1_req
[2025-12-18 01:47:53.824] [instrument] [warning] [IPC] [SEND_TIMEOUT] Send timeout on queue: instrument_MockDMM1_req
[2025-12-18 01:47:54.187] [instrument] [warning] [IPC] [SEND_TIMEOUT] Send timeout on queue: instrument_MockDMM1_req
[2025-12-18 01:47:54.924] [instrument] [warning] [IPC] [SEND_TIMEOUT] Send timeout on queue: instrument_MockDMM1_req
[2025-12-18 01:47:55.287] [instrument] [warning] [IPC] [SEND_TIMEOUT] Send timeout on queue: instrument_MockDMM1_req
[2025-12-18 01:47:56.024] [instrument] [warning] [IPC] [SEND_TIMEOUT] Send timeout on queue: instrument_MockDMM1_req
[2025-12-18 01:47:56.387] [instrument] [warning] [IPC] [SEND_TIMEOUT] Send timeout on queue: instrument_MockDMM1_req
[2025-12-18 01:47:57.125] [instrument] [warning] [IPC] [SEND_TIMEOUT] Send timeout on queue: instrument_MockDMM1_req
[2025-12-18 01:47:57.487] [instrument] [warning] [IPC] [SEND_TIMEOUT] Send timeout on queue: instrument_MockDMM1_req
[2025-12-18 01:47:58.225] [instrument] [warning] [IPC] [SEND_TIMEOUT] Send timeout on queue: instrument_MockDMM1_req
[2025-12-18 01:47:58.588] [instrument] [warning] [IPC] [SEND_TIMEOUT] Send timeout on queue: instrument_MockDMM1_req
[2025-12-18 01:47:59.325] [instrument] [warning] [IPC] [SEND_TIMEOUT] Send timeout on queue: instrument_MockDMM1_req
[2025-12-18 01:47:59.688] [instrument] [warning] [IPC] [SEND_TIMEOUT] Send timeout on queue: instrument_MockDMM1_req
[2025-12-18 01:48:00.425] [instrument] [warning] [IPC] [SEND_TIMEOUT] Send timeout on queue: instrument_MockDMM1_req
[2025-12-18 01:48:00.788] [instrument] [warning] [IPC] [SEND_TIMEOUT] Send timeout on queue: instrument_MockDMM1_req
[2025-12-18 01:48:01.525] [instrument] [warning] [IPC] [SEND_TIMEOUT] Send timeout on queue: instrument_MockDMM1_req
[2025-12-18 01:48:01.888] [instrument] [warning] [IPC] [SEND_TIMEOUT] Send timeout on queue: instrument_MockDMM1_req
[2025-12-18 01:48:02.626] [instrument] [warning] [IPC] [SEND_TIMEOUT] Send timeout on queue: instrument_MockDMM1_req
[2025-12-18 01:48:02.988] [instrument] [warning] [IPC] [SEND_TIMEOUT] Send timeout on queue: instrument_MockDMM1_req
[2025-12-18 01:48:03.726] [instrument] [warning] [IPC] [SEND_TIMEOUT] Send timeout on queue: instrument_MockDMM1_req
[2025-12-18 01:48:04.089] [instrument] [warning] [IPC] [SEND_TIMEOUT] Send timeout on queue: instrument_MockDMM1_req
[2025-12-18 01:48:04.826] [instrument] [warning] [IPC] [SEND_TIMEOUT] Send timeout on queue: instrument_MockDMM1_req
[2025-12-18 01:48:05.189] [instrument] [warning] [IPC] [SEND_TIMEOUT] Send timeout on queue: instrument_MockDMM1_req
[2025-12-18 01:48:05.926] [instrument] [warning] [IPC] [SEND_TIMEOUT] Send timeout on queue: instrument_MockDMM1_req
[2025-12-18 01:48:06.289] [instrument] [warning] [IPC] [SEND_TIMEOUT] Send timeout on queue: instrument_MockDMM1_req
[2025-12-18 01:48:07.026] [instrument] [warning] [IPC] [SEND_TIMEOUT] Send timeout on queue: instrument_MockDMM1_req
[2025-12-18 01:48:07.390] [instrument] [warning] [IPC] [SEND_TIMEOUT] Send timeout on queue: instrument_MockDMM1_req
[2025-12-18 01:48:08.127] [instrument] [warning] [IPC] [SEND_TIMEOUT] Send timeout on queue: instrument_MockDMM1_req
[2025-12-18 01:48:08.490] [instrument] [warning] [IPC] [SEND_TIMEOUT] Send timeout on queue: instrument_MockDMM1_req
[2025-12-18 01:48:09.227] [instrument] [warning] [IPC] [SEND_TIMEOUT] Send timeout on queue: instrument_MockDMM1_req
[2025-12-18 01:48:09.590] [instrument] [warning] [IPC] [SEND_TIMEOUT] Send timeout on queue: instrument_MockDMM1_req
[2025-12-18 01:48:10.327] [instrument] [warning] [IPC] [SEND_TIMEOUT] Send timeout on queue: instrument_MockDMM1_req
[2025-12-18 01:48:10.690] [instrument] [warning] [IPC] [SEND_TIMEOUT] Send timeout on queue: instrument_MockDMM1_req
[2025-12-18 01:48:11.427] [instrument] [warning] [IPC] [SEND_TIMEOUT] Send timeout on queue: instrument_MockDMM1_req
[2025-12-18 01:48:11.790] [instrument] [warning] [IPC] [SEND_TIMEOUT] Send timeout on queue: instrument_MockDMM1_req
[2025-12-18 01:48:12.527] [instrument] [warning] [IPC] [SEND_TIMEOUT] Send timeout on queue: instrument_MockDMM1_req
[2025-12-18 01:48:12.891] [instrument] [warning] [IPC] [SEND_TIMEOUT] Send timeout on queue: instrument_MockDMM1_req
[2025-12-18 01:48:13.627] [instrument] [warning] [IPC] [SEND_TIMEOUT] Send timeout on queue: instrument_MockDMM1_req
[2025-12-18 01:48:13.991] [instrument] [warning] [IPC] [SEND_TIMEOUT] Send timeout on queue: instrument_MockDMM1_req
[2025-12-18 01:48:14.728] [instrument] [warning] [IPC] [SEND_TIMEOUT] Send timeout on queue: instrument_MockDMM1_req
[2025-12-18 01:48:15.091] [instrument] [warning] [IPC] [SEND_TIMEOUT] Send timeout on queue: instrument_MockDMM1_req
[2025-12-18 01:48:15.828] [instrument] [warning] [IPC] [SEND_TIMEOUT] Send timeout on queue: instrument_MockDMM1_req
[2025-12-18 01:48:16.191] [instrument] [warning] [IPC] [SEND_TIMEOUT] Send timeout on queue: instrument_MockDMM1_req
[2025-12-18 01:48:16.928] [instrument] [warning] [IPC] [SEND_TIMEOUT] Send timeout on queue: instrument_MockDMM1_req
[2025-12-18 01:48:17.291] [instrument] [warning] [IPC] [SEND_TIMEOUT] Send timeout on queue: instrument_MockDMM1_req
[2025-12-18 01:48:18.028] [instrument] [warning] [IPC] [SEND_TIMEOUT] Send timeout on queue: instrument_MockDMM1_req
[2025-12-18 01:48:18.392] [instrument] [warning] [IPC] [SEND_TIMEOUT] Send timeout on queue: instrument_MockDMM1_req
[2025-12-18 01:48:19.129] [instrument] [warning] [IPC] [SEND_TIMEOUT] Send timeout on queue: instrument_MockDMM1_req
[2025-12-18 01:48:19.492] [instrument] [warning] [IPC] [SEND_TIMEOUT] Send timeout on queue: instrument_MockDMM1_req
[2025-12-18 01:48:20.229] [instrument] [warning] [IPC] [SEND_TIMEOUT] Send timeout on queue: instrument_MockDMM1_req
[2025-12-18 01:48:20.592] [instrument] [warning] [IPC] [SEND_TIMEOUT] Send timeout on queue: instrument_MockDMM1_req
[2025-12-18 01:48:21.329] [instrument] [warning] [IPC] [SEND_TIMEOUT] Send timeout on queue: instrument_MockDMM1_req
[2025-12-18 01:48:21.692] [instrument] [warning] [IPC] [SEND_TIMEOUT] Send timeout on queue: instrument_MockDMM1_req
[2025-12-18 01:48:22.429] [instrument] [warning] [IPC] [SEND_TIMEOUT] Send timeout on queue: instrument_MockDMM1_req
[2025-12-18 01:48:22.792] [instrument] [warning] [IPC] [SEND_TIMEOUT] Send timeout on queue: instrument_MockDMM1_req
[2025-12-18 01:48:23.529] [instrument] [warning] [IPC] [SEND_TIMEOUT] Send timeout on queue: instrument_MockDMM1_req
[2025-12-18 01:48:23.893] [instrument] [warning] [IPC] [SEND_TIMEOUT] Send timeout on queue: instrument_MockDMM1_req
[2025-12-18 01:48:24.630] [instrument] [warning] [IPC] [SEND_TIMEOUT] Send timeout on queue: instrument_MockDMM1_req
[2025-12-18 01:48:24.993] [instrument] [warning] [IPC] [SEND_TIMEOUT] Send timeout on queue: instrument_MockDMM1_req
[2025-12-18 01:48:25.730] [instrument] [warning] [IPC] [SEND_TIMEOUT] Send timeout on queue: instrument_MockDMM1_req
[2025-12-18 01:48:26.093] [instrument] [warning] [IPC] [SEND_TIMEOUT] Send timeout on queue: instrument_MockDMM1_req
[2025-12-18 01:48:26.830] [instrument] [warning] [IPC] [SEND_TIMEOUT] Send timeout on queue: instrument_MockDMM1_req
[2025-12-18 01:48:27.193] [instrument] [warning] [IPC] [SEND_TIMEOUT] Send timeout on queue: instrument_MockDMM1_req
[2025-12-18 01:48:27.930] [instrument] [warning] [IPC] [SEND_TIMEOUT] Send timeout on queue: instrument_MockDMM1_req
[2025-12-18 01:48:28.293] [instrument] [warning] [IPC] [SEND_TIMEOUT] Send timeout on queue: instrument_MockDMM1_req
[2025-12-18 01:48:29.030] [instrument] [warning] [IPC] [SEND_TIMEOUT] Send timeout on queue: instrument_MockDMM1_req
[2025-12-18 01:48:29.394] [instrument] [warning] [IPC] [SEND_TIMEOUT] Send timeout on queue: instrument_MockDMM1_req
[2025-12-18 01:48:30.131] [instrument] [warning] [IPC] [SEND_TIMEOUT] Send timeout on queue: instrument_MockDMM1_req
[2025-12-18 01:48:30.494] [instrument] [warning] [IPC] [SEND_TIMEOUT] Send timeout on queue: instrument_MockDMM1_req
[2025-12-18 01:48:31.231] [instrument] [warning] [IPC] [SEND_TIMEOUT] Send timeout on queue: instrument_MockDMM1_req
[2025-12-18 01:48:31.594] [instrument] [warning] [IPC] [SEND_TIMEOUT] Send timeout on queue: instrument_MockDMM1_req
[2025-12-18 01:48:32.331] [instrument] [warning] [IPC] [SEND_TIMEOUT] Send timeout on queue: instrument_MockDMM1_req
[2025-12-18 01:48:32.694] [instrument] [warning] [IPC] [SEND_TIMEOUT] Send timeout on queue: instrument_MockDMM1_req
[2025-12-18 01:48:33.431] [instrument] [warning] [IPC] [SEND_TIMEOUT] Send timeout on queue: instrument_MockDMM1_req
[2025-12-18 01:48:33.795] [instrument] [warning] [IPC] [SEND_TIMEOUT] Send timeout on queue: instrument_MockDMM1_req
[2025-12-18 01:48:34.531] [instrument] [warning] [IPC] [SEND_TIMEOUT] Send timeout on queue: instrument_MockDMM1_req
[2025-12-18 01:48:34.895] [instrument] [warning] [IPC] [SEND_TIMEOUT] Send timeout on queue: instrument_MockDMM1_req
[2025-12-18 01:48:35.632] [instrument] [warning] [IPC] [SEND_TIMEOUT] Send timeout on queue: instrument_MockDMM1_req
[2025-12-18 01:48:35.995] [instrument] [warning] [IPC] [SEND_TIMEOUT] Send timeout on queue: instrument_MockDMM1_req
[2025-12-18 01:48:36.732] [instrument] [warning] [IPC] [SEND_TIMEOUT] Send timeout on queue: instrument_MockDMM1_req
[2025-12-18 01:48:37.095] [instrument] [warning] [IPC] [SEND_TIMEOUT] Send timeout on queue: instrument_MockDMM1_req
[2025-12-18 01:48:37.832] [instrument] [warning] [IPC] [SEND_TIMEOUT] Send timeout on queue: instrument_MockDMM1_req
[2025-12-18 01:48:38.195] [instrument] [warning] [IPC] [SEND_TIMEOUT] Send timeout on queue: instrument_MockDMM1_req
[2025-12-18 01:48:38.932] [instrument] [warning] [IPC] [SEND_TIMEOUT] Send timeout on queue: instrument_MockDMM1_req
[2025-12-18 01:48:39.296] [instrument] [warning] [IPC] [SEND_TIMEOUT] Send timeout on queue: instrument_MockDMM1_req
[2025-12-18 01:48:40.032] [instrument] [warning] [IPC] [SEND_TIMEOUT] Send timeout on queue: instrument_MockDMM1_req
[2025-12-18 01:48:40.396] [instrument] [warning] [IPC] [SEND_TIMEOUT] Send timeout on queue: instrument_MockDMM1_req
[2025-12-18 01:48:41.133] [instrument] [warning] [IPC] [SEND_TIMEOUT] Send timeout on queue: instrument_MockDMM1_req
[2025-12-18 01:48:41.496] [instrument] [warning] [IPC] [SEND_TIMEOUT] Send timeout on queue: instrument_MockDMM1_req
[2025-12-18 01:48:42.233] [instrument] [warning] [IPC] [SEND_TIMEOUT] Send timeout on queue: instrument_MockDMM1_req
[2025-12-18 01:48:42.596] [instrument] [warning] [IPC] [SEND_TIMEOUT] Send timeout on queue: instrument_MockDMM1_req
[2025-12-18 01:48:43.333] [instrument] [warning] [IPC] [SEND_TIMEOUT] Send timeout on queue: instrument_MockDMM1_req
[2025-12-18 01:48:43.696] [instrument] [warning] [IPC] [SEND_TIMEOUT] Send timeout on queue: instrument_MockDMM1_req
[2025-12-18 01:48:44.433] [instrument] [warning] [IPC] [SEND_TIMEOUT] Send timeout on queue: instrument_MockDMM1_req
[2025-12-18 01:48:44.797] [instrument] [warning] [IPC] [SEND_TIMEOUT] Send timeout on queue: instrument_MockDMM1_req
[2025-12-18 01:48:45.533] [instrument] [warning] [IPC] [SEND_TIMEOUT] Send timeout on queue: instrument_MockDMM1_req
[2025-12-18 01:48:45.897] [instrument] [warning] [IPC] [SEND_TIMEOUT] Send timeout on queue: instrument_MockDMM1_req
[2025-12-18 01:48:46.634] [instrument] [warning] [IPC] [SEND_TIMEOUT] Send timeout on queue: instrument_MockDMM1_req
[2025-12-18 01:48:46.997] [instrument] [warning] [IPC] [SEND_TIMEOUT] Send timeout on queue: instrument_MockDMM1_req
[2025-12-18 01:48:47.734] [instrument] [warning] [IPC] [SEND_TIMEOUT] Send timeout on queue: instrument_MockDMM1_req
[2025-12-18 01:48:48.097] [instrument] [warning] [IPC] [SEND_TIMEOUT] Send timeout on queue: instrument_MockDMM1_req
[2025-12-18 01:48:48.834] [instrument] [warning] [IPC] [SEND_TIMEOUT] Send timeout on queue: instrument_MockDMM1_req
[2025-12-18 01:48:49.197] [instrument] [warning] [IPC] [SEND_TIMEOUT] Send timeout on queue: instrument_MockDMM1_req
[2025-12-18 01:48:49.934] [instrument] [warning] [IPC] [SEND_TIMEOUT] Send timeout on queue: instrument_MockDMM1_req
[2025-12-18 01:48:50.298] [instrument] [warning] [IPC] [SEND_TIMEOUT] Send timeout on queue: instrument_MockDMM1_req
[2025-12-18 01:48:51.034] [instrument] [warning] [IPC] [SEND_TIMEOUT] Send timeout on queue: instrument_MockDMM1_req
[2025-12-18 01:48:51.398] [instrument] [warning] [IPC] [SEND_TIMEOUT] Send timeout on queue: instrument_MockDMM1_req
[2025-12-18 01:48:52.135] [instrument] [warning] [IPC] [SEND_TIMEOUT] Send timeout on queue: instrument_MockDMM1_req
[2025-12-18 01:48:52.498] [instrument] [warning] [IPC] [SEND_TIMEOUT] Send timeout on queue: instrument_MockDMM1_req
[2025-12-18 01:48:53.235] [instrument] [warning] [IPC] [SEND_TIMEOUT] Send timeout on queue: instrument_MockDMM1_req
[2025-12-18 01:48:53.598] [instrument] [warning] [IPC] [SEND_TIMEOUT] Send timeout on queue: instrument_MockDMM1_req
[2025-12-18 01:48:54.335] [instrument] [warning] [IPC] [SEND_TIMEOUT] Send timeout on queue: instrument_MockDMM1_req
[2025-12-18 01:48:54.699] [instrument] [warning] [IPC] [SEND_TIMEOUT] Send timeout on queue: instrument_MockDMM1_req
[2025-12-18 01:48:55.435] [instrument] [warning] [IPC] [SEND_TIMEOUT] Send timeout on queue: instrument_MockDMM1_req
[2025-12-18 01:48:55.799] [instrument] [warning] [IPC] [SEND_TIMEOUT] Send timeout on queue: instrument_MockDMM1_req
[2025-12-18 01:48:56.535] [instrument] [warning] [IPC] [SEND_TIMEOUT] Send timeout on queue: instrument_MockDMM1_req
[2025-12-18 01:48:56.899] [instrument] [warning] [IPC] [SEND_TIMEOUT] Send timeout on queue: instrument_MockDMM1_req
[2025-12-18 01:48:57.636] [instrument] [warning] [IPC] [SEND_TIMEOUT] Send timeout on queue: instrument_MockDMM1_req
[2025-12-18 01:48:57.999] [instrument] [warning] [IPC] [SEND_TIMEOUT] Send timeout on queue: instrument_MockDMM1_req
[2025-12-18 01:48:58.736] [instrument] [warning] [IPC] [SEND_TIMEOUT] Send timeout on queue: instrument_MockDMM1_req
[2025-12-18 01:48:59.099] [instrument] [warning] [IPC] [SEND_TIMEOUT] Send timeout on queue: instrument_MockDMM1_req
[2025-12-18 01:48:59.836] [instrument] [warning] [IPC] [SEND_TIMEOUT] Send timeout on queue: instrument_MockDMM1_req
[2025-12-18 01:49:00.200] [instrument] [warning] [IPC] [SEND_TIMEOUT] Send timeout on queue: instrument_MockDMM1_req
[2025-12-18 01:49:00.936] [instrument] [warning] [IPC] [SEND_TIMEOUT] Send timeout on queue: instrument_MockDMM1_req
[2025-12-18 01:49:01.300] [instrument] [warning] [IPC] [SEND_TIMEOUT] Send timeout on queue: instrument_MockDMM1_req
[2025-12-18 01:49:02.036] [instrument] [warning] [IPC] [SEND_TIMEOUT] Send timeout on queue: instrument_MockDMM1_req
[2025-12-18 01:49:02.400] [instrument] [warning] [IPC] [SEND_TIMEOUT] Send timeout on queue: instrument_MockDMM1_req
[2025-12-18 01:49:03.137] [instrument] [warning] [IPC] [SEND_TIMEOUT] Send timeout on queue: instrument_MockDMM1_req
[2025-12-18 01:49:03.500] [instrument] [warning] [IPC] [SEND_TIMEOUT] Send timeout on queue: instrument_MockDMM1_req
[2025-12-18 01:49:04.237] [instrument] [warning] [IPC] [SEND_TIMEOUT] Send timeout on queue: instrument_MockDMM1_req
[2025-12-18 01:49:04.601] [instrument] [warning] [IPC] [SEND_TIMEOUT] Send timeout on queue: instrument_MockDMM1_req
[2025-12-18 01:49:05.337] [instrument] [warning] [IPC] [SEND_TIMEOUT] Send timeout on queue: instrument_MockDMM1_req
[2025-12-18 01:49:05.701] [instrument] [warning] [IPC] [SEND_TIMEOUT] Send timeout on queue: instrument_MockDMM1_req
[2025-12-18 01:49:06.437] [instrument] [warning] [IPC] [SEND_TIMEOUT] Send timeout on queue: instrument_MockDMM1_req
[2025-12-18 01:49:06.801] [instrument] [warning] [IPC] [SEND_TIMEOUT] Send timeout on queue: instrument_MockDMM1_req
[2025-12-18 01:49:07.537] [instrument] [warning] [IPC] [SEND_TIMEOUT] Send timeout on queue: instrument_MockDMM1_req
[2025-12-18 01:49:07.901] [instrument] [warning] [IPC] [SEND_TIMEOUT] Send timeout on queue: instrument_MockDMM1_req
[2025-12-18 01:49:08.638] [instrument] [warning] [IPC] [SEND_TIMEOUT] Send timeout on queue: instrument_MockDMM1_req
[2025-12-18 01:49:09.001] [instrument] [warning] [IPC] [SEND_TIMEOUT] Send timeout on queue: instrument_MockDMM1_req
[2025-12-18 01:49:09.738] [instrument] [warning] [IPC] [SEND_TIMEOUT] Send timeout on queue: instrument_MockDMM1_req
[2025-12-18 01:49:10.102] [instrument] [warning] [IPC] [SEND_TIMEOUT] Send timeout on queue: instrument_MockDMM1_req
[2025-12-18 01:49:10.838] [instrument] [warning] [IPC] [SEND_TIMEOUT] Send timeout on queue: instrument_MockDMM1_req
[2025-12-18 01:49:11.202] [instrument] [warning] [IPC] [SEND_TIMEOUT] Send timeout on queue: instrument_MockDMM1_req
[2025-12-18 01:49:11.938] [instrument] [warning] [IPC] [SEND_TIMEOUT] Send timeout on queue: instrument_MockDMM1_req
[2025-12-18 01:49:12.302] [instrument] [warning] [IPC] [SEND_TIMEOUT] Send timeout on queue: instrument_MockDMM1_req
[2025-12-18 01:49:13.038] [instrument] [warning] [IPC] [SEND_TIMEOUT] Send timeout on queue: instrument_MockDMM1_req
[2025-12-18 01:49:13.402] [instrument] [warning] [IPC] [SEND_TIMEOUT] Send timeout on queue: instrument_MockDMM1_req
[2025-12-18 01:49:14.139] [instrument] [warning] [IPC] [SEND_TIMEOUT] Send timeout on queue: instrument_MockDMM1_req
[2025-12-18 01:49:14.502] [instrument] [warning] [IPC] [SEND_TIMEOUT] Send timeout on queue: instrument_MockDMM1_req
[2025-12-18 01:49:15.239] [instrument] [warning] [IPC] [SEND_TIMEOUT] Send timeout on queue: instrument_MockDMM1_req
[2025-12-18 01:49:15.603] [instrument] [warning] [IPC] [SEND_TIMEOUT] Send timeout on queue: instrument_MockDMM1_req
[2025-12-18 01:49:16.339] [instrument] [warning] [IPC] [SEND_TIMEOUT] Send timeout on queue: instrument_MockDMM1_req
[2025-12-18 01:49:16.703] [instrument] [warning] [IPC] [SEND_TIMEOUT] Send timeout on queue: instrument_MockDMM1_req
[2025-12-18 01:49:17.439] [instrument] [warning] [IPC] [SEND_TIMEOUT] Send timeout on queue: instrument_MockDMM1_req
[2025-12-18 01:49:17.803] [instrument] [warning] [IPC] [SEND_TIMEOUT] Send timeout on queue: instrument_MockDMM1_req
[2025-12-18 01:49:18.539] [instrument] [warning] [IPC] [SEND_TIMEOUT] Send timeout on queue: instrument_MockDMM1_req
[2025-12-18 01:49:18.903] [instrument] [warning] [IPC] [SEND_TIMEOUT] Send timeout on queue: instrument_MockDMM1_req
[2025-12-18 01:49:19.640] [instrument] [warning] [IPC] [SEND_TIMEOUT] Send timeout on queue: instrument_MockDMM1_req
[2025-12-18 01:49:20.004] [instrument] [warning] [IPC] [SEND_TIMEOUT] Send timeout on queue: instrument_MockDMM1_req
[2025-12-18 01:49:20.740] [instrument] [warning] [IPC] [SEND_TIMEOUT] Send timeout on queue: instrument_MockDMM1_req
[2025-12-18 01:49:21.104] [instrument] [warning] [IPC] [SEND_TIMEOUT] Send timeout on queue: instrument_MockDMM1_req
[2025-12-18 01:49:21.840] [instrument] [warning] [IPC] [SEND_TIMEOUT] Send timeout on queue: instrument_MockDMM1_req
[2025-12-18 01:49:22.204] [instrument] [warning] [IPC] [SEND_TIMEOUT] Send timeout on queue: instrument_MockDMM1_req
[2025-12-18 01:49:22.941] [instrument] [warning] [IPC] [SEND_TIMEOUT] Send timeout on queue: instrument_MockDMM1_req
[2025-12-18 01:49:23.304] [instrument] [warning] [IPC] [SEND_TIMEOUT] Send timeout on queue: instrument_MockDMM1_req
[2025-12-18 01:47:42.350] [instrument] [info] [MockDMM1] [WORKER_MAIN] Starting worker for instrument: MockDMM1
[2025-12-18 01:47:42.350] [instrument] [info] [MockDMM1] [WORKER_MAIN] Plugin path: /tmp/mock_visa_plugin.so
[2025-12-18 01:47:42.350] [instrument] [info] [PLUGIN] [LOAD] Loading plugin: /tmp/mock_visa_plugin.so
[2025-12-18 01:47:42.350] [instrument] [info] [PLUGIN] [LOAD] Plugin loaded successfully:  /tmp/mock_visa_plugin.so
[2025-12-18 01:47:42.350] [instrument] [info] [MockDMM1] [WORKER_MAIN] Loaded plugin: Mock VISA v1.0.0
[2025-12-18 01:47:42.350] [instrument] [info] [IPC] [QUEUE_OPEN] Opened queues for instrument: MockDMM1
[2025-12-18 01:47:42.350] [instrument] [info] [MockDMM1] [WORKER_MAIN] IPC queues opened
[2025-12-18 01:47:42.350] [instrument] [info] [PLUGIN] [INIT] Initializing plugin for instrument: MockDMM1
[2025-12-18 01:47:42.350] [instrument] [info] [MockDMM1] [WORKER_MAIN] Plugin initialized, entering main loop
[2025-12-18 01:49:23.461] [instrument] [warning] [IPC] [SEND_TIMEOUT] Send timeout on queue: instrument_MockDMM1_req
[2025-12-18 01:49:24.041] [instrument] [warning] [IPC] [SEND_TIMEOUT] Send timeout on queue: instrument_MockDMM1_req
[2025-12-18 01:49:24.404] [instrument] [warning] [IPC] [SEND_TIMEOUT] Send timeout on queue: instrument_MockDMM1_req
[2025-12-18 01:49:24.562] [instrument] [warning] [IPC] [SEND_TIMEOUT] Send timeout on queue: instrument_MockDMM1_req
[2025-12-18 01:49:25.141] [instrument] [warning] [IPC] [SEND_TIMEOUT] Send timeout on queue: instrument_MockDMM1_req
[2025-12-18 01:49:25.505] [instrument] [warning] [IPC] [SEND_TIMEOUT] Send timeout on queue: instrument_MockDMM1_req
[2025-12-18 01:49:25.662] [instrument] [warning] [IPC] [SEND_TIMEOUT] Send timeout on queue: instrument_MockDMM1_req
[2025-12-18 01:49:26.241] [instrument] [warning] [IPC] [SEND_TIMEOUT] Send timeout on queue: instrument_MockDMM1_req
[2025-12-18 01:49:26.605] [instrument] [warning] [IPC] [SEND_TIMEOUT] Send timeout on queue: instrument_MockDMM1_req
[2025-12-18 01:49:26.762] [instrument] [warning] [IPC] [SEND_TIMEOUT] Send timeout on queue: instrument_MockDMM1_req
[2025-12-18 01:49:27.341] [instrument] [warning] [IPC] [SEND_TIMEOUT] Send timeout on queue: instrument_MockDMM1_req
[2025-12-18 01:49:27.705] [instrument] [warning] [IPC] [SEND_TIMEOUT] Send timeout on queue: instrument_MockDMM1_req
[2025-12-18 01:49:27.862] [instrument] [warning] [IPC] [SEND_TIMEOUT] Send timeout on queue: instrument_MockDMM1_req
[2025-12-18 01:49:28.442] [instrument] [warning] [IPC] [SEND_TIMEOUT] Send timeout on queue: instrument_MockDMM1_req
[2025-12-18 01:49:28.805] [instrument] [warning] [IPC] [SEND_TIMEOUT] Send timeout on queue: instrument_MockDMM1_req
[2025-12-18 01:49:28.962] [instrument] [warning] [IPC] [SEND_TIMEOUT] Send timeout on queue: instrument_MockDMM1_req
[2025-12-18 01:49:29.542] [instrument] [warning] [IPC] [SEND_TIMEOUT] Send timeout on queue: instrument_MockDMM1_req
[2025-12-18 01:49:29.906] [instrument] [warning] [IPC] [SEND_TIMEOUT] Send timeout on queue: instrument_MockDMM1_req
[2025-12-18 01:49:30.063] [instrument] [warning] [IPC] [SEND_TIMEOUT] Send timeout on queue: instrument_MockDMM1_req
[2025-12-18 01:49:30.642] [instrument] [warning] [IPC] [SEND_TIMEOUT] Send timeout on queue: instrument_MockDMM1_req
[2025-12-18 01:49:31.006] [instrument] [warning] [IPC] [SEND_TIMEOUT] Send timeout on queue: instrument_MockDMM1_req
[2025-12-18 01:49:31.163] [instrument] [warning] [IPC] [SEND_TIMEOUT] Send timeout on queue: instrument_MockDMM1_req
[2025-12-18 01:49:31.742] [instrument] [warning] [IPC] [SEND_TIMEOUT] Send timeout on queue: instrument_MockDMM1_req
[2025-12-18 01:49:32.106] [instrument] [warning] [IPC] [SEND_TIMEOUT] Send timeout on queue: instrument_MockDMM1_req
[2025-12-18 01:49:32.263] [instrument] [warning] [IPC] [SEND_TIMEOUT] Send timeout on queue: instrument_MockDMM1_req
[2025-12-18 01:49:32.842] [instrument] [warning] [IPC] [SEND_TIMEOUT] Send timeout on queue: instrument_MockDMM1_req
[2025-12-18 01:49:33.206] [instrument] [warning] [IPC] [SEND_TIMEOUT] Send timeout on queue: instrument_MockDMM1_req
[2025-12-18 01:49:33.363] [instrument] [warning] [IPC] [SEND_TIMEOUT] Send timeout on queue: instrument_MockDMM1_req
[2025-12-18 01:49:33.943] [instrument] [warning] [IPC] [SEND_TIMEOUT] Send timeout on queue: instrument_MockDMM1_req
[2025-12-18 01:49:34.306] [instrument] [warning] [IPC] [SEND_TIMEOUT] Send timeout on queue: instrument_MockDMM1_req
[2025-12-18 01:49:34.463] [instrument] [warning] [IPC] [SEND_TIMEOUT] Send timeout on queue: instrument_MockDMM1_req
[2025-12-18 01:49:35.043] [instrument] [warning] [IPC] [SEND_TIMEOUT] Send timeout on queue: instrument_MockDMM1_req
[2025-12-18 01:49:35.407] [instrument] [warning] [IPC] [SEND_TIMEOUT] Send timeout on queue: instrument_MockDMM1_req
[2025-12-18 01:49:35.564] [instrument] [warning] [IPC] [SEND_TIMEOUT] Send timeout on queue: instrument_MockDMM1_req
[2025-12-18 01:49:36.143] [instrument] [warning] [IPC] [SEND_TIMEOUT] Send timeout on queue: instrument_MockDMM1_req
[2025-12-18 01:49:36.507] [instrument] [warning] [IPC] [SEND_TIMEOUT] Send timeout on queue: instrument_MockDMM1_req
[2025-12-18 01:49:36.664] [instrument] [warning] [IPC] [SEND_TIMEOUT] Send timeout on queue: instrument_MockDMM1_req
[2025-12-18 01:49:37.243] [instrument] [warning] [IPC] [SEND_TIMEOUT] Send timeout on queue: instrument_MockDMM1_req
[2025-12-18 01:49:37.607] [instrument] [warning] [IPC] [SEND_TIMEOUT] Send timeout on queue: instrument_MockDMM1_req
[2025-12-18 01:49:37.764] [instrument] [warning] [IPC] [SEND_TIMEOUT] Send timeout on queue: instrument_MockDMM1_req
[2025-12-18 01:49:38.344] [instrument] [warning] [IPC] [SEND_TIMEOUT] Send timeout on queue: instrument_MockDMM1_req
[2025-12-18 01:49:38.707] [instrument] [warning] [IPC] [SEND_TIMEOUT] Send timeout on queue: instrument_MockDMM1_req
[2025-12-18 01:49:38.864] [instrument] [warning] [IPC] [SEND_TIMEOUT] Send timeout on queue: instrument_MockDMM1_req
[2025-12-18 01:49:39.444] [instrument] [warning] [IPC] [SEND_TIMEOUT] Send timeout on queue: instrument_MockDMM1_req
[2025-12-18 01:49:39.807] [instrument] [warning] [IPC] [SEND_TIMEOUT] Send timeout on queue: instrument_MockDMM1_req
[2025-12-18 01:49:39.964] [instrument] [warning] [IPC] [SEND_TIMEOUT] Send timeout on queue: instrument_MockDMM1_req
[2025-12-18 01:49:40.544] [instrument] [warning] [IPC] [SEND_TIMEOUT] Send timeout on queue: instrument_MockDMM1_req
[2025-12-18 01:49:40.908] [instrument] [warning] [IPC] [SEND_TIMEOUT] Send timeout on queue: instrument_MockDMM1_req
[2025-12-18 01:49:41.065] [instrument] [warning] [IPC] [SEND_TIMEOUT] Send timeout on queue: instrument_MockDMM1_req
[2025-12-18 01:49:41.644] [instrument] [warning] [IPC] [SEND_TIMEOUT] Send timeout on queue: instrument_MockDMM1_req
[2025-12-18 01:49:42.008] [instrument] [warning] [IPC] [SEND_TIMEOUT] Send timeout on queue: instrument_MockDMM1_req
[2025-12-18 01:49:42.165] [instrument] [warning] [IPC] [SEND_TIMEOUT] Send timeout on queue: instrument_MockDMM1_req
[2025-12-18 01:49:42.744] [instrument] [warning] [IPC] [SEND_TIMEOUT] Send timeout on queue: instrument_MockDMM1_req
[2025-12-18 01:49:43.108] [instrument] [warning] [IPC] [SEND_TIMEOUT] Send timeout on queue: instrument_MockDMM1_req
[2025-12-18 01:49:43.265] [instrument] [warning] [IPC] [SEND_TIMEOUT] Send timeout on queue: instrument_MockDMM1_req
[2025-12-18 01:49:43.845] [instrument] [warning] [IPC] [SEND_TIMEOUT] Send timeout on queue: instrument_MockDMM1_req
[2025-12-18 01:49:44.208] [instrument] [warning] [IPC] [SEND_TIMEOUT] Send timeout on queue: instrument_MockDMM1_req
[2025-12-18 01:49:44.365] [instrument] [warning] [IPC] [SEND_TIMEOUT] Send timeout on queue: instrument_MockDMM1_req
[2025-12-18 01:49:44.945] [instrument] [warning] [IPC] [SEND_TIMEOUT] Send timeout on queue: instrument_MockDMM1_req
[2025-12-18 01:49:45.308] [instrument] [warning] [IPC] [SEND_TIMEOUT] Send timeout on queue: instrument_MockDMM1_req
[2025-12-18 01:49:45.466] [instrument] [warning] [IPC] [SEND_TIMEOUT] Send timeout on queue: instrument_MockDMM1_req
[2025-12-18 01:49:46.045] [instrument] [warning] [IPC] [SEND_TIMEOUT] Send timeout on queue: instrument_MockDMM1_req
[2025-12-18 01:49:46.409] [instrument] [warning] [IPC] [SEND_TIMEOUT] Send timeout on queue: instrument_MockDMM1_req
[2025-12-18 01:49:46.566] [instrument] [warning] [IPC] [SEND_TIMEOUT] Send timeout on queue: instrument_MockDMM1_req
[2025-12-18 01:49:47.145] [instrument] [warning] [IPC] [SEND_TIMEOUT] Send timeout on queue: instrument_MockDMM1_req
[2025-12-18 01:49:47.509] [instrument] [warning] [IPC] [SEND_TIMEOUT] Send timeout on queue: instrument_MockDMM1_req
[2025-12-18 01:49:47.666] [instrument] [warning] [IPC] [SEND_TIMEOUT] Send timeout on queue: instrument_MockDMM1_req
[2025-12-18 01:49:48.245] [instrument] [warning] [IPC] [SEND_TIMEOUT] Send timeout on queue: instrument_MockDMM1_req
[2025-12-18 01:49:48.609] [instrument] [warning] [IPC] [SEND_TIMEOUT] Send timeout on queue: instrument_MockDMM1_req
[2025-12-18 01:49:48.766] [instrument] [warning] [IPC] [SEND_TIMEOUT] Send timeout on queue: instrument_MockDMM1_req
[2025-12-18 01:49:49.346] [instrument] [warning] [IPC] [SEND_TIMEOUT] Send timeout on queue: instrument_MockDMM1_req
[2025-12-18 01:49:49.709] [instrument] [warning] [IPC] [SEND_TIMEOUT] Send timeout on queue: instrument_MockDMM1_req
[2025-12-18 01:49:49.866] [instrument] [warning] [IPC] [SEND_TIMEOUT] Send timeout on queue: instrument_MockDMM1_req
[2025-12-18 01:49:50.446] [instrument] [warning] [IPC] [SEND_TIMEOUT] Send timeout on queue: instrument_MockDMM1_req
[2025-12-18 01:49:50.810] [instrument] [warning] [IPC] [SEND_TIMEOUT] Send timeout on queue: instrument_MockDMM1_req
[2025-12-18 01:49:50.967] [instrument] [warning] [IPC] [SEND_TIMEOUT] Send timeout on queue: instrument_MockDMM1_req
[2025-12-18 01:49:51.546] [instrument] [warning] [IPC] [SEND_TIMEOUT] Send timeout on queue: instrument_MockDMM1_req
[2025-12-18 01:49:51.910] [instrument] [warning] [IPC] [SEND_TIMEOUT] Send timeout on queue: instrument_MockDMM1_req
[2025-12-18 01:49:52.067] [instrument] [warning] [IPC] [SEND_TIMEOUT] Send timeout on queue: instrument_MockDMM1_req
[2025-12-18 01:49:52.646] [instrument] [warning] [IPC] [SEND_TIMEOUT] Send timeout on queue: instrument_MockDMM1_req
[2025-12-18 01:49:53.010] [instrument] [warning] [IPC] [SEND_TIMEOUT] Send timeout on queue: instrument_MockDMM1_req
[2025-12-18 01:49:53.167] [instrument] [warning] [IPC] [SEND_TIMEOUT] Send timeout on queue: instrument_MockDMM1_req
[2025-12-18 01:49:53.747] [instrument] [warning] [IPC] [SEND_TIMEOUT] Send timeout on queue: instrument_MockDMM1_req
[2025-12-18 01:49:54.110] [instrument] [warning] [IPC] [SEND_TIMEOUT] Send timeout on queue: instrument_MockDMM1_req
[2025-12-18 01:49:54.267] [instrument] [warning] [IPC] [SEND_TIMEOUT] Send timeout on queue: instrument_MockDMM1_req
[2025-12-18 01:49:54.847] [instrument] [warning] [IPC] [SEND_TIMEOUT] Send timeout on queue: instrument_MockDMM1_req
[2025-12-18 01:49:55.211] [instrument] [warning] [IPC] [SEND_TIMEOUT] Send timeout on queue: instrument_MockDMM1_req
[2025-12-18 01:49:55.368] [instrument] [warning] [IPC] [SEND_TIMEOUT] Send timeout on queue: instrument_MockDMM1_req
[2025-12-18 01:49:55.947] [instrument] [warning] [IPC] [SEND_TIMEOUT] Send timeout on queue: instrument_MockDMM1_req
[2025-12-18 01:49:56.311] [instrument] [warning] [IPC] [SEND_TIMEOUT] Send timeout on queue: instrument_MockDMM1_req
[2025-12-18 01:49:56.468] [instrument] [warning] [IPC] [SEND_TIMEOUT] Send timeout on queue: instrument_MockDMM1_req
[2025-12-18 01:49:57.047] [instrument] [warning] [IPC] [SEND_TIMEOUT] Send timeout on queue: instrument_MockDMM1_req
[2025-12-18 01:49:57.411] [instrument] [warning] [IPC] [SEND_TIMEOUT] Send timeout on queue: instrument_MockDMM1_req
[2025-12-18 01:49:57.568] [instrument] [warning] [IPC] [SEND_TIMEOUT] Send timeout on queue: instrument_MockDMM1_req
[2025-12-18 01:49:58.147] [instrument] [warning] [IPC] [SEND_TIMEOUT] Send timeout on queue: instrument_MockDMM1_req
[2025-12-18 01:49:58.511] [instrument] [warning] [IPC] [SEND_TIMEOUT] Send timeout on queue: instrument_MockDMM1_req
[2025-12-18 01:49:58.668] [instrument] [warning] [IPC] [SEND_TIMEOUT] Send timeout on queue: instrument_MockDMM1_req
[2025-12-18 01:49:59.248] [instrument] [warning] [IPC] [SEND_TIMEOUT] Send timeout on queue: instrument_MockDMM1_req
[2025-12-18 01:49:59.611] [instrument] [warning] [IPC] [SEND_TIMEOUT] Send timeout on queue: instrument_MockDMM1_req
[2025-12-18 01:49:59.769] [instrument] [warning] [IPC] [SEND_TIMEOUT] Send timeout on queue: instrument_MockDMM1_req
[2025-12-18 01:50:00.348] [instrument] [warning] [IPC] [SEND_TIMEOUT] Send timeout on queue: instrument_MockDMM1_req
[2025-12-18 01:50:00.712] [instrument] [warning] [IPC] [SEND_TIMEOUT] Send timeout on queue: instrument_MockDMM1_req
[2025-12-18 01:50:00.869] [instrument] [warning] [IPC] [SEND_TIMEOUT] Send timeout on queue: instrument_MockDMM1_req
[2025-12-18 01:50:01.448] [instrument] [warning] [IPC] [SEND_TIMEOUT] Send timeout on queue: instrument_MockDMM1_req
[2025-12-18 01:50:01.812] [instrument] [warning] [IPC] [SEND_TIMEOUT] Send timeout on queue: instrument_MockDMM1_req
[2025-12-18 01:50:01.969] [instrument] [warning] [IPC] [SEND_TIMEOUT] Send timeout on queue: instrument_MockDMM1_req
[2025-12-18 01:50:02.548] [instrument] [warning] [IPC] [SEND_TIMEOUT] Send timeout on queue: instrument_MockDMM1_req
[2025-12-18 01:50:02.912] [instrument] [warning] [IPC] [SEND_TIMEOUT] Send timeout on queue: instrument_MockDMM1_req
[2025-12-18 01:50:03.069] [instrument] [warning] [IPC] [SEND_TIMEOUT] Send timeout on queue: instrument_MockDMM1_req
[2025-12-18 01:50:03.648] [instrument] [warning] [IPC] [SEND_TIMEOUT] Send timeout on queue: instrument_MockDMM1_req
[2025-12-18 01:50:04.012] [instrument] [warning] [IPC] [SEND_TIMEOUT] Send timeout on queue: instrument_MockDMM1_req
[2025-12-18 01:50:04.169] [instrument] [warning] [IPC] [SEND_TIMEOUT] Send timeout on queue: instrument_MockDMM1_req
[2025-12-18 01:50:04.749] [instrument] [warning] [IPC] [SEND_TIMEOUT] Send timeout on queue: instrument_MockDMM1_req
[2025-12-18 01:50:05.113] [instrument] [warning] [IPC] [SEND_TIMEOUT] Send timeout on queue: instrument_MockDMM1_req
[2025-12-18 01:50:05.269] [instrument] [warning] [IPC] [SEND_TIMEOUT] Send timeout on queue: instrument_MockDMM1_req
[2025-12-18 01:50:05.849] [instrument] [warning] [IPC] [SEND_TIMEOUT] Send timeout on queue: instrument_MockDMM1_req
[2025-12-18 01:50:06.213] [instrument] [warning] [IPC] [SEND_TIMEOUT] Send timeout on queue: instrument_MockDMM1_req
[2025-12-18 01:50:06.370] [instrument] [warning] [IPC] [SEND_TIMEOUT] Send timeout on queue: instrument_MockDMM1_req
[2025-12-18 01:50:06.949] [instrument] [warning] [IPC] [SEND_TIMEOUT] Send timeout on queue: instrument_MockDMM1_req
[2025-12-18 01:50:07.313] [instrument] [warning] [IPC] [SEND_TIMEOUT] Send timeout on queue: instrument_MockDMM1_req
[2025-12-18 01:50:07.470] [instrument] [warning] [IPC] [SEND_TIMEOUT] Send timeout on queue: instrument_MockDMM1_req
[2025-12-18 01:50:08.049] [instrument] [warning] [IPC] [SEND_TIMEOUT] Send timeout on queue: instrument_MockDMM1_req
[2025-12-18 01:50:08.413] [instrument] [warning] [IPC] [SEND_TIMEOUT] Send timeout on queue: instrument_MockDMM1_req
[2025-12-18 01:50:08.570] [instrument] [warning] [IPC] [SEND_TIMEOUT] Send timeout on queue: instrument_MockDMM1_req
[2025-12-18 01:50:09.150] [instrument] [warning] [IPC] [SEND_TIMEOUT] Send timeout on queue: instrument_MockDMM1_req
[2025-12-18 01:50:09.513] [instrument] [warning] [IPC] [SEND_TIMEOUT] Send timeout on queue: instrument_MockDMM1_req
[2025-12-18 01:50:09.670] [instrument] [warning] [IPC] [SEND_TIMEOUT] Send timeout on queue: instrument_MockDMM1_req
[2025-12-18 01:50:10.250] [instrument] [warning] [IPC] [SEND_TIMEOUT] Send timeout on queue: instrument_MockDMM1_req
[2025-12-18 01:50:10.614] [instrument] [warning] [IPC] [SEND_TIMEOUT] Send timeout on queue: instrument_MockDMM1_req
[2025-12-18 01:50:10.770] [instrument] [warning] [IPC] [SEND_TIMEOUT] Send timeout on queue: instrument_MockDMM1_req
[2025-12-18 01:50:11.350] [instrument] [warning] [IPC] [SEND_TIMEOUT] Send timeout on queue: instrument_MockDMM1_req
[2025-12-18 01:50:11.714] [instrument] [warning] [IPC] [SEND_TIMEOUT] Send timeout on queue: instrument_MockDMM1_req
[2025-12-18 01:50:11.871] [instrument] [warning] [IPC] [SEND_TIMEOUT] Send timeout on queue: instrument_MockDMM1_req
